<?xml version="1.0" encoding="UTF-8"?>
<!-- Generated by org.testng.reporters.JUnitXMLReporter -->
<testsuite ignored="0" hostname="Khaleds-MacBook-Pro.local" failures="0" tests="1" name="Default test" time="7.28" errors="0" timestamp="2024-04-24T10:41:58 EDT">
  <testcase classname="Action.TestOrangHRM" name="@AfterMethod closeBrowser" time="0.007">
    <failure type="java.lang.StackOverflowError">
      <![CDATA[java.lang.StackOverflowError
at Action.TestOrangHRM.closeBrowser(TestOrangHRM.java:25)
at Action.TestOrangHRM.closeBrowser(TestOrangHRM.java:25)
at Action.TestOrangHRM.closeBrowser(TestOrangHRM.java:25)
at Action.TestOrangHRM.closeBrowser(TestOrangHRM.java:25)
at Action.TestOrangHRM.closeBrowser(TestOrangHRM.java:25)
at Action.TestOrangHRM.closeBrowser(TestOrangHRM.java:25)
at Action.TestOrangHRM.closeBrowser(TestOrangHRM.java:25)
at Action.TestOrangHRM.closeBrowser(TestOrangHRM.java:25)
at Action.TestOrangHRM.closeBrowser(TestOrangHRM.java:25)
at Action.TestOrangHRM.closeBrowser(TestOrangHRM.java:25)
at Action.TestOrangHRM.closeBrowser(TestOrangHRM.java:25)
at Action.TestOrangHRM.closeBrowser(TestOrangHRM.java:25)
at Action.TestOrangHRM.closeBrowser(TestOrangHRM.java:25)
at Action.TestOrangHRM.closeBrowser(TestOrangHRM.java:25)
at Action.TestOrangHRM.closeBrowser(TestOrangHRM.java:25)
at Action.TestOrangHRM.closeBrowser(TestOrangHRM.java:25)
at Action.TestOrangHRM.closeBrowser(TestOrangHRM.java:25)
at Action.TestOrangHRM.closeBrowser(TestOrangHRM.java:25)
at Action.TestOrangHRM.closeBrowser(TestOrangHRM.java:25)
at Action.TestOrangHRM.closeBrowser(TestOrangHRM.java:25)
at Action.TestOrangHRM.closeBrowser(TestOrangHRM.java:25)
at Action.TestOrangHRM.closeBrowser(TestOrangHRM.java:25)
at Action.TestOrangHRM.closeBrowser(TestOrangHRM.java:25)
at Action.TestOrangHRM.closeBrowser(TestOrangHRM.java:25)
at Action.TestOrangHRM.closeBrowser(TestOrangHRM.java:25)
at Action.TestOrangHRM.closeBrowser(TestOrangHRM.java:25)
at Action.TestOrangHRM.closeBrowser(TestOrangHRM.java:25)
at Action.TestOrangHRM.closeBrowser(TestOrangHRM.java:25)
at Action.TestOrangHRM.closeBrowser(TestOrangHRM.java:25)
at Action.TestOrangHRM.closeBrowser(TestOrangHRM.java:25)
at Action.TestOrangHRM.closeBrowser(TestOrangHRM.java:25)
at Action.TestOrangHRM.closeBrowser(TestOrangHRM.java:25)
at Action.TestOrangHRM.closeBrowser(TestOrangHRM.java:25)
at Action.TestOrangHRM.closeBrowser(TestOrangHRM.java:25)
at Action.TestOrangHRM.closeBrowser(TestOrangHRM.java:25)
at Action.TestOrangHRM.closeBrowser(TestOrangHRM.java:25)
at Action.TestOrangHRM.closeBrowser(TestOrangHRM.java:25)
at Action.TestOrangHRM.closeBrowser(TestOrangHRM.java:25)
at Action.TestOrangHRM.closeBrowser(TestOrangHRM.java:25)
at Action.TestOrangHRM.closeBrowser(TestOrangHRM.java:25)
at Action.TestOrangHRM.closeBrowser(TestOrangHRM.java:25)
at Action.TestOrangHRM.closeBrowser(TestOrangHRM.java:25)
at Action.TestOrangHRM.closeBrowser(TestOrangHRM.java:25)
at Action.TestOrangHRM.closeBrowser(TestOrangHRM.java:25)
at Action.TestOrangHRM.closeBrowser(TestOrangHRM.java:25)
at Action.TestOrangHRM.closeBrowser(TestOrangHRM.java:25)
at Action.TestOrangHRM.closeBrowser(TestOrangHRM.java:25)
at Action.TestOrangHRM.closeBrowser(TestOrangHRM.java:25)
at Action.TestOrangHRM.closeBrowser(TestOrangHRM.java:25)
at Action.TestOrangHRM.closeBrowser(TestOrangHRM.java:25)
at Action.TestOrangHRM.closeBrowser(TestOrangHRM.java:25)
at Action.TestOrangHRM.closeBrowser(TestOrangHRM.java:25)
at Action.TestOrangHRM.closeBrowser(TestOrangHRM.java:25)
at Action.TestOrangHRM.closeBrowser(TestOrangHRM.java:25)
at Action.TestOrangHRM.closeBrowser(TestOrangHRM.java:25)
at Action.TestOrangHRM.closeBrowser(TestOrangHRM.java:25)
at Action.TestOrangHRM.closeBrowser(TestOrangHRM.java:25)
at Action.TestOrangHRM.closeBrowser(TestOrangHRM.java:25)
at Action.TestOrangHRM.closeBrowser(TestOrangHRM.java:25)
at Action.TestOrangHRM.closeBrowser(TestOrangHRM.java:25)
at Action.TestOrangHRM.closeBrowser(TestOrangHRM.java:25)
at Action.TestOrangHRM.closeBrowser(TestOrangHRM.java:25)
at Action.TestOrangHRM.closeBrowser(TestOrangHRM.java:25)
at Action.TestOrangHRM.closeBrowser(TestOrangHRM.java:25)
at Action.TestOrangHRM.closeBrowser(TestOrangHRM.java:25)
at Action.TestOrangHRM.closeBrowser(TestOrangHRM.java:25)
at Action.TestOrangHRM.closeBrowser(TestOrangHRM.java:25)
at Action.TestOrangHRM.closeBrowser(TestOrangHRM.java:25)
at Action.TestOrangHRM.closeBrowser(TestOrangHRM.java:25)
at Action.TestOrangHRM.closeBrowser(TestOrangHRM.java:25)
at Action.TestOrangHRM.closeBrowser(TestOrangHRM.java:25)
at Action.TestOrangHRM.closeBrowser(TestOrangHRM.java:25)
at Action.TestOrangHRM.closeBrowser(TestOrangHRM.java:25)
at Action.TestOrangHRM.closeBrowser(TestOrangHRM.java:25)
at Action.TestOrangHRM.closeBrowser(TestOrangHRM.java:25)
at Action.TestOrangHRM.closeBrowser(TestOrangHRM.java:25)
at Action.TestOrangHRM.closeBrowser(TestOrangHRM.java:25)
at Action.TestOrangHRM.closeBrowser(TestOrangHRM.java:25)
at Action.TestOrangHRM.closeBrowser(TestOrangHRM.java:25)
at Action.TestOrangHRM.closeBrowser(TestOrangHRM.java:25)
at Action.TestOrangHRM.closeBrowser(TestOrangHRM.java:25)
at Action.TestOrangHRM.closeBrowser(TestOrangHRM.java:25)
at Action.TestOrangHRM.closeBrowser(TestOrangHRM.java:25)
at Action.TestOrangHRM.closeBrowser(TestOrangHRM.java:25)
at Action.TestOrangHRM.closeBrowser(TestOrangHRM.java:25)
at Action.TestOrangHRM.closeBrowser(TestOrangHRM.java:25)
at Action.TestOrangHRM.closeBrowser(TestOrangHRM.java:25)
at Action.TestOrangHRM.closeBrowser(TestOrangHRM.java:25)
at Action.TestOrangHRM.closeBrowser(TestOrangHRM.java:25)
at Action.TestOrangHRM.closeBrowser(TestOrangHRM.java:25)
at Action.TestOrangHRM.closeBrowser(TestOrangHRM.java:25)
at Action.TestOrangHRM.closeBrowser(TestOrangHRM.java:25)
at Action.TestOrangHRM.closeBrowser(TestOrangHRM.java:25)
at Action.TestOrangHRM.closeBrowser(TestOrangHRM.java:25)
at Action.TestOrangHRM.closeBrowser(TestOrangHRM.java:25)
at Action.TestOrangHRM.closeBrowser(TestOrangHRM.java:25)
at Action.TestOrangHRM.closeBrowser(TestOrangHRM.java:25)
at Action.TestOrangHRM.closeBrowser(TestOrangHRM.java:25)
at Action.TestOrangHRM.closeBrowser(TestOrangHRM.java:25)
at Action.TestOrangHRM.closeBrowser(TestOrangHRM.java:25)
at Action.TestOrangHRM.closeBrowser(TestOrangHRM.java:25)
at Action.TestOrangHRM.closeBrowser(TestOrangHRM.java:25)
at Action.TestOrangHRM.closeBrowser(TestOrangHRM.java:25)
at Action.TestOrangHRM.closeBrowser(TestOrangHRM.java:25)
at Action.TestOrangHRM.closeBrowser(TestOrangHRM.java:25)
at Action.TestOrangHRM.closeBrowser(TestOrangHRM.java:25)
at Action.TestOrangHRM.closeBrowser(TestOrangHRM.java:25)
at Action.TestOrangHRM.closeBrowser(TestOrangHRM.java:25)
at Action.TestOrangHRM.closeBrowser(TestOrangHRM.java:25)
at Action.TestOrangHRM.closeBrowser(TestOrangHRM.java:25)
at Action.TestOrangHRM.closeBrowser(TestOrangHRM.java:25)
at Action.TestOrangHRM.closeBrowser(TestOrangHRM.java:25)
at Action.TestOrangHRM.closeBrowser(TestOrangHRM.java:25)
at Action.TestOrangHRM.closeBrowser(TestOrangHRM.java:25)
at Action.TestOrangHRM.closeBrowser(TestOrangHRM.java:25)
at Action.TestOrangHRM.closeBrowser(TestOrangHRM.java:25)
at Action.TestOrangHRM.closeBrowser(TestOrangHRM.java:25)
at Action.TestOrangHRM.closeBrowser(TestOrangHRM.java:25)
at Action.TestOrangHRM.closeBrowser(TestOrangHRM.java:25)
at Action.TestOrangHRM.closeBrowser(TestOrangHRM.java:25)
at Action.TestOrangHRM.closeBrowser(TestOrangHRM.java:25)
at Action.TestOrangHRM.closeBrowser(TestOrangHRM.java:25)
at Action.TestOrangHRM.closeBrowser(TestOrangHRM.java:25)
at Action.TestOrangHRM.closeBrowser(TestOrangHRM.java:25)
at Action.TestOrangHRM.closeBrowser(TestOrangHRM.java:25)
at Action.TestOrangHRM.closeBrowser(TestOrangHRM.java:25)
at Action.TestOrangHRM.closeBrowser(TestOrangHRM.java:25)
at Action.TestOrangHRM.closeBrowser(TestOrangHRM.java:25)
at Action.TestOrangHRM.closeBrowser(TestOrangHRM.java:25)
at Action.TestOrangHRM.closeBrowser(TestOrangHRM.java:25)
at Action.TestOrangHRM.closeBrowser(TestOrangHRM.java:25)
at Action.TestOrangHRM.closeBrowser(TestOrangHRM.java:25)
at Action.TestOrangHRM.closeBrowser(TestOrangHRM.java:25)
at Action.TestOrangHRM.closeBrowser(TestOrangHRM.java:25)
at Action.TestOrangHRM.closeBrowser(TestOrangHRM.java:25)
at Action.TestOrangHRM.closeBrowser(TestOrangHRM.java:25)
at Action.TestOrangHRM.closeBrowser(TestOrangHRM.java:25)
at Action.TestOrangHRM.closeBrowser(TestOrangHRM.java:25)
at Action.TestOrangHRM.closeBrowser(TestOrangHRM.java:25)
at Action.TestOrangHRM.closeBrowser(TestOrangHRM.java:25)
at Action.TestOrangHRM.closeBrowser(TestOrangHRM.java:25)
at Action.TestOrangHRM.closeBrowser(TestOrangHRM.java:25)
at Action.TestOrangHRM.closeBrowser(TestOrangHRM.java:25)
at Action.TestOrangHRM.closeBrowser(TestOrangHRM.java:25)
at Action.TestOrangHRM.closeBrowser(TestOrangHRM.java:25)
at Action.TestOrangHRM.closeBrowser(TestOrangHRM.java:25)
at Action.TestOrangHRM.closeBrowser(TestOrangHRM.java:25)
at Action.TestOrangHRM.closeBrowser(TestOrangHRM.java:25)
at Action.TestOrangHRM.closeBrowser(TestOrangHRM.java:25)
at Action.TestOrangHRM.closeBrowser(TestOrangHRM.java:25)
at Action.TestOrangHRM.closeBrowser(TestOrangHRM.java:25)
at Action.TestOrangHRM.closeBrowser(TestOrangHRM.java:25)
at Action.TestOrangHRM.closeBrowser(TestOrangHRM.java:25)
at Action.TestOrangHRM.closeBrowser(TestOrangHRM.java:25)
at Action.TestOrangHRM.closeBrowser(TestOrangHRM.java:25)
at Action.TestOrangHRM.closeBrowser(TestOrangHRM.java:25)
at Action.TestOrangHRM.closeBrowser(TestOrangHRM.java:25)
at Action.TestOrangHRM.closeBrowser(TestOrangHRM.java:25)
at Action.TestOrangHRM.closeBrowser(TestOrangHRM.java:25)
at Action.TestOrangHRM.closeBrowser(TestOrangHRM.java:25)
at Action.TestOrangHRM.closeBrowser(TestOrangHRM.java:25)
at Action.TestOrangHRM.closeBrowser(TestOrangHRM.java:25)
at Action.TestOrangHRM.closeBrowser(TestOrangHRM.java:25)
at Action.TestOrangHRM.closeBrowser(TestOrangHRM.java:25)
at Action.TestOrangHRM.closeBrowser(TestOrangHRM.java:25)
at Action.TestOrangHRM.closeBrowser(TestOrangHRM.java:25)
at Action.TestOrangHRM.closeBrowser(TestOrangHRM.java:25)
at Action.TestOrangHRM.closeBrowser(TestOrangHRM.java:25)
at Action.TestOrangHRM.closeBrowser(TestOrangHRM.java:25)
at Action.TestOrangHRM.closeBrowser(TestOrangHRM.java:25)
at Action.TestOrangHRM.closeBrowser(TestOrangHRM.java:25)
at Action.TestOrangHRM.closeBrowser(TestOrangHRM.java:25)
at Action.TestOrangHRM.closeBrowser(TestOrangHRM.java:25)
at Action.TestOrangHRM.closeBrowser(TestOrangHRM.java:25)
at Action.TestOrangHRM.closeBrowser(TestOrangHRM.java:25)
at Action.TestOrangHRM.closeBrowser(TestOrangHRM.java:25)
at Action.TestOrangHRM.closeBrowser(TestOrangHRM.java:25)
at Action.TestOrangHRM.closeBrowser(TestOrangHRM.java:25)
at Action.TestOrangHRM.closeBrowser(TestOrangHRM.java:25)
at Action.TestOrangHRM.closeBrowser(TestOrangHRM.java:25)
at Action.TestOrangHRM.closeBrowser(TestOrangHRM.java:25)
at Action.TestOrangHRM.closeBrowser(TestOrangHRM.java:25)
at Action.TestOrangHRM.closeBrowser(TestOrangHRM.java:25)
at Action.TestOrangHRM.closeBrowser(TestOrangHRM.java:25)
at Action.TestOrangHRM.closeBrowser(TestOrangHRM.java:25)
at Action.TestOrangHRM.closeBrowser(TestOrangHRM.java:25)
at Action.TestOrangHRM.closeBrowser(TestOrangHRM.java:25)
at Action.TestOrangHRM.closeBrowser(TestOrangHRM.java:25)
at Action.TestOrangHRM.closeBrowser(TestOrangHRM.java:25)
at Action.TestOrangHRM.closeBrowser(TestOrangHRM.java:25)
at Action.TestOrangHRM.closeBrowser(TestOrangHRM.java:25)
at Action.TestOrangHRM.closeBrowser(TestOrangHRM.java:25)
at Action.TestOrangHRM.closeBrowser(TestOrangHRM.java:25)
at Action.TestOrangHRM.closeBrowser(TestOrangHRM.java:25)
at Action.TestOrangHRM.closeBrowser(TestOrangHRM.java:25)
at Action.TestOrangHRM.closeBrowser(TestOrangHRM.java:25)
at Action.TestOrangHRM.closeBrowser(TestOrangHRM.java:25)
at Action.TestOrangHRM.closeBrowser(TestOrangHRM.java:25)
at Action.TestOrangHRM.closeBrowser(TestOrangHRM.java:25)
at Action.TestOrangHRM.closeBrowser(TestOrangHRM.java:25)
at Action.TestOrangHRM.closeBrowser(TestOrangHRM.java:25)
at Action.TestOrangHRM.closeBrowser(TestOrangHRM.java:25)
at Action.TestOrangHRM.closeBrowser(TestOrangHRM.java:25)
at Action.TestOrangHRM.closeBrowser(TestOrangHRM.java:25)
at Action.TestOrangHRM.closeBrowser(TestOrangHRM.java:25)
at Action.TestOrangHRM.closeBrowser(TestOrangHRM.java:25)
at Action.TestOrangHRM.closeBrowser(TestOrangHRM.java:25)
at Action.TestOrangHRM.closeBrowser(TestOrangHRM.java:25)
at Action.TestOrangHRM.closeBrowser(TestOrangHRM.java:25)
at Action.TestOrangHRM.closeBrowser(TestOrangHRM.java:25)
at Action.TestOrangHRM.closeBrowser(TestOrangHRM.java:25)
at Action.TestOrangHRM.closeBrowser(TestOrangHRM.java:25)
at Action.TestOrangHRM.closeBrowser(TestOrangHRM.java:25)
at Action.TestOrangHRM.closeBrowser(TestOrangHRM.java:25)
at Action.TestOrangHRM.closeBrowser(TestOrangHRM.java:25)
at Action.TestOrangHRM.closeBrowser(TestOrangHRM.java:25)
at Action.TestOrangHRM.closeBrowser(TestOrangHRM.java:25)
at Action.TestOrangHRM.closeBrowser(TestOrangHRM.java:25)
at Action.TestOrangHRM.closeBrowser(TestOrangHRM.java:25)
at Action.TestOrangHRM.closeBrowser(TestOrangHRM.java:25)
at Action.TestOrangHRM.closeBrowser(TestOrangHRM.java:25)
at Action.TestOrangHRM.closeBrowser(TestOrangHRM.java:25)
at Action.TestOrangHRM.closeBrowser(TestOrangHRM.java:25)
at Action.TestOrangHRM.closeBrowser(TestOrangHRM.java:25)
at Action.TestOrangHRM.closeBrowser(TestOrangHRM.java:25)
at Action.TestOrangHRM.closeBrowser(TestOrangHRM.java:25)
at Action.TestOrangHRM.closeBrowser(TestOrangHRM.java:25)
at Action.TestOrangHRM.closeBrowser(TestOrangHRM.java:25)
at Action.TestOrangHRM.closeBrowser(TestOrangHRM.java:25)
at Action.TestOrangHRM.closeBrowser(TestOrangHRM.java:25)
at Action.TestOrangHRM.closeBrowser(TestOrangHRM.java:25)
at Action.TestOrangHRM.closeBrowser(TestOrangHRM.java:25)
at Action.TestOrangHRM.closeBrowser(TestOrangHRM.java:25)
at Action.TestOrangHRM.closeBrowser(TestOrangHRM.java:25)
at Action.TestOrangHRM.closeBrowser(TestOrangHRM.java:25)
at Action.TestOrangHRM.closeBrowser(TestOrangHRM.java:25)
at Action.TestOrangHRM.closeBrowser(TestOrangHRM.java:25)
at Action.TestOrangHRM.closeBrowser(TestOrangHRM.java:25)
at Action.TestOrangHRM.closeBrowser(TestOrangHRM.java:25)
at Action.TestOrangHRM.closeBrowser(TestOrangHRM.java:25)
at Action.TestOrangHRM.closeBrowser(TestOrangHRM.java:25)
at Action.TestOrangHRM.closeBrowser(TestOrangHRM.java:25)
at Action.TestOrangHRM.closeBrowser(TestOrangHRM.java:25)
at Action.TestOrangHRM.closeBrowser(TestOrangHRM.java:25)
at Action.TestOrangHRM.closeBrowser(TestOrangHRM.java:25)
at Action.TestOrangHRM.closeBrowser(TestOrangHRM.java:25)
at Action.TestOrangHRM.closeBrowser(TestOrangHRM.java:25)
at Action.TestOrangHRM.closeBrowser(TestOrangHRM.java:25)
at Action.TestOrangHRM.closeBrowser(TestOrangHRM.java:25)
at Action.TestOrangHRM.closeBrowser(TestOrangHRM.java:25)
at Action.TestOrangHRM.closeBrowser(TestOrangHRM.java:25)
at Action.TestOrangHRM.closeBrowser(TestOrangHRM.java:25)
at Action.TestOrangHRM.closeBrowser(TestOrangHRM.java:25)
at Action.TestOrangHRM.closeBrowser(TestOrangHRM.java:25)
at Action.TestOrangHRM.closeBrowser(TestOrangHRM.java:25)
at Action.TestOrangHRM.closeBrowser(TestOrangHRM.java:25)
at Action.TestOrangHRM.closeBrowser(TestOrangHRM.java:25)
at Action.TestOrangHRM.closeBrowser(TestOrangHRM.java:25)
at Action.TestOrangHRM.closeBrowser(TestOrangHRM.java:25)
at Action.TestOrangHRM.closeBrowser(TestOrangHRM.java:25)
at Action.TestOrangHRM.closeBrowser(TestOrangHRM.java:25)
at Action.TestOrangHRM.closeBrowser(TestOrangHRM.java:25)
at Action.TestOrangHRM.closeBrowser(TestOrangHRM.java:25)
at Action.TestOrangHRM.closeBrowser(TestOrangHRM.java:25)
at Action.TestOrangHRM.closeBrowser(TestOrangHRM.java:25)
at Action.TestOrangHRM.closeBrowser(TestOrangHRM.java:25)
at Action.TestOrangHRM.closeBrowser(TestOrangHRM.java:25)
at Action.TestOrangHRM.closeBrowser(TestOrangHRM.java:25)
at Action.TestOrangHRM.closeBrowser(TestOrangHRM.java:25)
at Action.TestOrangHRM.closeBrowser(TestOrangHRM.java:25)
at Action.TestOrangHRM.closeBrowser(TestOrangHRM.java:25)
at Action.TestOrangHRM.closeBrowser(TestOrangHRM.java:25)
at Action.TestOrangHRM.closeBrowser(TestOrangHRM.java:25)
at Action.TestOrangHRM.closeBrowser(TestOrangHRM.java:25)
at Action.TestOrangHRM.closeBrowser(TestOrangHRM.java:25)
at Action.TestOrangHRM.closeBrowser(TestOrangHRM.java:25)
at Action.TestOrangHRM.closeBrowser(TestOrangHRM.java:25)
at Action.TestOrangHRM.closeBrowser(TestOrangHRM.java:25)
at Action.TestOrangHRM.closeBrowser(TestOrangHRM.java:25)
at Action.TestOrangHRM.closeBrowser(TestOrangHRM.java:25)
at Action.TestOrangHRM.closeBrowser(TestOrangHRM.java:25)
at Action.TestOrangHRM.closeBrowser(TestOrangHRM.java:25)
at Action.TestOrangHRM.closeBrowser(TestOrangHRM.java:25)
at Action.TestOrangHRM.closeBrowser(TestOrangHRM.java:25)
at Action.TestOrangHRM.closeBrowser(TestOrangHRM.java:25)
at Action.TestOrangHRM.closeBrowser(TestOrangHRM.java:25)
at Action.TestOrangHRM.closeBrowser(TestOrangHRM.java:25)
at Action.TestOrangHRM.closeBrowser(TestOrangHRM.java:25)
at Action.TestOrangHRM.closeBrowser(TestOrangHRM.java:25)
at Action.TestOrangHRM.closeBrowser(TestOrangHRM.java:25)
at Action.TestOrangHRM.closeBrowser(TestOrangHRM.java:25)
at Action.TestOrangHRM.closeBrowser(TestOrangHRM.java:25)
at Action.TestOrangHRM.closeBrowser(TestOrangHRM.java:25)
at Action.TestOrangHRM.closeBrowser(TestOrangHRM.java:25)
at Action.TestOrangHRM.closeBrowser(TestOrangHRM.java:25)
at Action.TestOrangHRM.closeBrowser(TestOrangHRM.java:25)
at Action.TestOrangHRM.closeBrowser(TestOrangHRM.java:25)
at Action.TestOrangHRM.closeBrowser(TestOrangHRM.java:25)
at Action.TestOrangHRM.closeBrowser(TestOrangHRM.java:25)
at Action.TestOrangHRM.closeBrowser(TestOrangHRM.java:25)
at Action.TestOrangHRM.closeBrowser(TestOrangHRM.java:25)
at Action.TestOrangHRM.closeBrowser(TestOrangHRM.java:25)
at Action.TestOrangHRM.closeBrowser(TestOrangHRM.java:25)
at Action.TestOrangHRM.closeBrowser(TestOrangHRM.java:25)
at Action.TestOrangHRM.closeBrowser(TestOrangHRM.java:25)
at Action.TestOrangHRM.closeBrowser(TestOrangHRM.java:25)
at Action.TestOrangHRM.closeBrowser(TestOrangHRM.java:25)
at Action.TestOrangHRM.closeBrowser(TestOrangHRM.java:25)
at Action.TestOrangHRM.closeBrowser(TestOrangHRM.java:25)
at Action.TestOrangHRM.closeBrowser(TestOrangHRM.java:25)
at Action.TestOrangHRM.closeBrowser(TestOrangHRM.java:25)
at Action.TestOrangHRM.closeBrowser(TestOrangHRM.java:25)
at Action.TestOrangHRM.closeBrowser(TestOrangHRM.java:25)
at Action.TestOrangHRM.closeBrowser(TestOrangHRM.java:25)
at Action.TestOrangHRM.closeBrowser(TestOrangHRM.java:25)
at Action.TestOrangHRM.closeBrowser(TestOrangHRM.java:25)
at Action.TestOrangHRM.closeBrowser(TestOrangHRM.java:25)
at Action.TestOrangHRM.closeBrowser(TestOrangHRM.java:25)
at Action.TestOrangHRM.closeBrowser(TestOrangHRM.java:25)
at Action.TestOrangHRM.closeBrowser(TestOrangHRM.java:25)
at Action.TestOrangHRM.closeBrowser(TestOrangHRM.java:25)
at Action.TestOrangHRM.closeBrowser(TestOrangHRM.java:25)
at Action.TestOrangHRM.closeBrowser(TestOrangHRM.java:25)
at Action.TestOrangHRM.closeBrowser(TestOrangHRM.java:25)
at Action.TestOrangHRM.closeBrowser(TestOrangHRM.java:25)
at Action.TestOrangHRM.closeBrowser(TestOrangHRM.java:25)
at Action.TestOrangHRM.closeBrowser(TestOrangHRM.java:25)
at Action.TestOrangHRM.closeBrowser(TestOrangHRM.java:25)
at Action.TestOrangHRM.closeBrowser(TestOrangHRM.java:25)
at Action.TestOrangHRM.closeBrowser(TestOrangHRM.java:25)
at Action.TestOrangHRM.closeBrowser(TestOrangHRM.java:25)
at Action.TestOrangHRM.closeBrowser(TestOrangHRM.java:25)
at Action.TestOrangHRM.closeBrowser(TestOrangHRM.java:25)
at Action.TestOrangHRM.closeBrowser(TestOrangHRM.java:25)
at Action.TestOrangHRM.closeBrowser(TestOrangHRM.java:25)
at Action.TestOrangHRM.closeBrowser(TestOrangHRM.java:25)
at Action.TestOrangHRM.closeBrowser(TestOrangHRM.java:25)
at Action.TestOrangHRM.closeBrowser(TestOrangHRM.java:25)
at Action.TestOrangHRM.closeBrowser(TestOrangHRM.java:25)
at Action.TestOrangHRM.closeBrowser(TestOrangHRM.java:25)
at Action.TestOrangHRM.closeBrowser(TestOrangHRM.java:25)
at Action.TestOrangHRM.closeBrowser(TestOrangHRM.java:25)
at Action.TestOrangHRM.closeBrowser(TestOrangHRM.java:25)
at Action.TestOrangHRM.closeBrowser(TestOrangHRM.java:25)
at Action.TestOrangHRM.closeBrowser(TestOrangHRM.java:25)
at Action.TestOrangHRM.closeBrowser(TestOrangHRM.java:25)
at Action.TestOrangHRM.closeBrowser(TestOrangHRM.java:25)
at Action.TestOrangHRM.closeBrowser(TestOrangHRM.java:25)
at Action.TestOrangHRM.closeBrowser(TestOrangHRM.java:25)
at Action.TestOrangHRM.closeBrowser(TestOrangHRM.java:25)
at Action.TestOrangHRM.closeBrowser(TestOrangHRM.java:25)
at Action.TestOrangHRM.closeBrowser(TestOrangHRM.java:25)
at Action.TestOrangHRM.closeBrowser(TestOrangHRM.java:25)
at Action.TestOrangHRM.closeBrowser(TestOrangHRM.java:25)
at Action.TestOrangHRM.closeBrowser(TestOrangHRM.java:25)
at Action.TestOrangHRM.closeBrowser(TestOrangHRM.java:25)
at Action.TestOrangHRM.closeBrowser(TestOrangHRM.java:25)
at Action.TestOrangHRM.closeBrowser(TestOrangHRM.java:25)
at Action.TestOrangHRM.closeBrowser(TestOrangHRM.java:25)
at Action.TestOrangHRM.closeBrowser(TestOrangHRM.java:25)
at Action.TestOrangHRM.closeBrowser(TestOrangHRM.java:25)
at Action.TestOrangHRM.closeBrowser(TestOrangHRM.java:25)
at Action.TestOrangHRM.closeBrowser(TestOrangHRM.java:25)
at Action.TestOrangHRM.closeBrowser(TestOrangHRM.java:25)
at Action.TestOrangHRM.closeBrowser(TestOrangHRM.java:25)
at Action.TestOrangHRM.closeBrowser(TestOrangHRM.java:25)
at Action.TestOrangHRM.closeBrowser(TestOrangHRM.java:25)
at Action.TestOrangHRM.closeBrowser(TestOrangHRM.java:25)
at Action.TestOrangHRM.closeBrowser(TestOrangHRM.java:25)
at Action.TestOrangHRM.closeBrowser(TestOrangHRM.java:25)
at Action.TestOrangHRM.closeBrowser(TestOrangHRM.java:25)
at Action.TestOrangHRM.closeBrowser(TestOrangHRM.java:25)
at Action.TestOrangHRM.closeBrowser(TestOrangHRM.java:25)
at Action.TestOrangHRM.closeBrowser(TestOrangHRM.java:25)
at Action.TestOrangHRM.closeBrowser(TestOrangHRM.java:25)
at Action.TestOrangHRM.closeBrowser(TestOrangHRM.java:25)
at Action.TestOrangHRM.closeBrowser(TestOrangHRM.java:25)
at Action.TestOrangHRM.closeBrowser(TestOrangHRM.java:25)
at Action.TestOrangHRM.closeBrowser(TestOrangHRM.java:25)
at Action.TestOrangHRM.closeBrowser(TestOrangHRM.java:25)
at Action.TestOrangHRM.closeBrowser(TestOrangHRM.java:25)
at Action.TestOrangHRM.closeBrowser(TestOrangHRM.java:25)
at Action.TestOrangHRM.closeBrowser(TestOrangHRM.java:25)
at Action.TestOrangHRM.closeBrowser(TestOrangHRM.java:25)
at Action.TestOrangHRM.closeBrowser(TestOrangHRM.java:25)
at Action.TestOrangHRM.closeBrowser(TestOrangHRM.java:25)
at Action.TestOrangHRM.closeBrowser(TestOrangHRM.java:25)
at Action.TestOrangHRM.closeBrowser(TestOrangHRM.java:25)
at Action.TestOrangHRM.closeBrowser(TestOrangHRM.java:25)
at Action.TestOrangHRM.closeBrowser(TestOrangHRM.java:25)
at Action.TestOrangHRM.closeBrowser(TestOrangHRM.java:25)
at Action.TestOrangHRM.closeBrowser(TestOrangHRM.java:25)
at Action.TestOrangHRM.closeBrowser(TestOrangHRM.java:25)
at Action.TestOrangHRM.closeBrowser(TestOrangHRM.java:25)
at Action.TestOrangHRM.closeBrowser(TestOrangHRM.java:25)
at Action.TestOrangHRM.closeBrowser(TestOrangHRM.java:25)
at Action.TestOrangHRM.closeBrowser(TestOrangHRM.java:25)
at Action.TestOrangHRM.closeBrowser(TestOrangHRM.java:25)
at Action.TestOrangHRM.closeBrowser(TestOrangHRM.java:25)
at Action.TestOrangHRM.closeBrowser(TestOrangHRM.java:25)
at Action.TestOrangHRM.closeBrowser(TestOrangHRM.java:25)
at Action.TestOrangHRM.closeBrowser(TestOrangHRM.java:25)
at Action.TestOrangHRM.closeBrowser(TestOrangHRM.java:25)
at Action.TestOrangHRM.closeBrowser(TestOrangHRM.java:25)
at Action.TestOrangHRM.closeBrowser(TestOrangHRM.java:25)
at Action.TestOrangHRM.closeBrowser(TestOrangHRM.java:25)
at Action.TestOrangHRM.closeBrowser(TestOrangHRM.java:25)
at Action.TestOrangHRM.closeBrowser(TestOrangHRM.java:25)
at Action.TestOrangHRM.closeBrowser(TestOrangHRM.java:25)
at Action.TestOrangHRM.closeBrowser(TestOrangHRM.java:25)
at Action.TestOrangHRM.closeBrowser(TestOrangHRM.java:25)
at Action.TestOrangHRM.closeBrowser(TestOrangHRM.java:25)
at Action.TestOrangHRM.closeBrowser(TestOrangHRM.java:25)
at Action.TestOrangHRM.closeBrowser(TestOrangHRM.java:25)
at Action.TestOrangHRM.closeBrowser(TestOrangHRM.java:25)
at Action.TestOrangHRM.closeBrowser(TestOrangHRM.java:25)
at Action.TestOrangHRM.closeBrowser(TestOrangHRM.java:25)
at Action.TestOrangHRM.closeBrowser(TestOrangHRM.java:25)
at Action.TestOrangHRM.closeBrowser(TestOrangHRM.java:25)
at Action.TestOrangHRM.closeBrowser(TestOrangHRM.java:25)
at Action.TestOrangHRM.closeBrowser(TestOrangHRM.java:25)
at Action.TestOrangHRM.closeBrowser(TestOrangHRM.java:25)
at Action.TestOrangHRM.closeBrowser(TestOrangHRM.java:25)
at Action.TestOrangHRM.closeBrowser(TestOrangHRM.java:25)
at Action.TestOrangHRM.closeBrowser(TestOrangHRM.java:25)
at Action.TestOrangHRM.closeBrowser(TestOrangHRM.java:25)
at Action.TestOrangHRM.closeBrowser(TestOrangHRM.java:25)
at Action.TestOrangHRM.closeBrowser(TestOrangHRM.java:25)
at Action.TestOrangHRM.closeBrowser(TestOrangHRM.java:25)
at Action.TestOrangHRM.closeBrowser(TestOrangHRM.java:25)
at Action.TestOrangHRM.closeBrowser(TestOrangHRM.java:25)
at Action.TestOrangHRM.closeBrowser(TestOrangHRM.java:25)
at Action.TestOrangHRM.closeBrowser(TestOrangHRM.java:25)
at Action.TestOrangHRM.closeBrowser(TestOrangHRM.java:25)
at Action.TestOrangHRM.closeBrowser(TestOrangHRM.java:25)
at Action.TestOrangHRM.closeBrowser(TestOrangHRM.java:25)
at Action.TestOrangHRM.closeBrowser(TestOrangHRM.java:25)
at Action.TestOrangHRM.closeBrowser(TestOrangHRM.java:25)
at Action.TestOrangHRM.closeBrowser(TestOrangHRM.java:25)
at Action.TestOrangHRM.closeBrowser(TestOrangHRM.java:25)
at Action.TestOrangHRM.closeBrowser(TestOrangHRM.java:25)
at Action.TestOrangHRM.closeBrowser(TestOrangHRM.java:25)
at Action.TestOrangHRM.closeBrowser(TestOrangHRM.java:25)
at Action.TestOrangHRM.closeBrowser(TestOrangHRM.java:25)
at Action.TestOrangHRM.closeBrowser(TestOrangHRM.java:25)
at Action.TestOrangHRM.closeBrowser(TestOrangHRM.java:25)
at Action.TestOrangHRM.closeBrowser(TestOrangHRM.java:25)
at Action.TestOrangHRM.closeBrowser(TestOrangHRM.java:25)
at Action.TestOrangHRM.closeBrowser(TestOrangHRM.java:25)
at Action.TestOrangHRM.closeBrowser(TestOrangHRM.java:25)
at Action.TestOrangHRM.closeBrowser(TestOrangHRM.java:25)
at Action.TestOrangHRM.closeBrowser(TestOrangHRM.java:25)
at Action.TestOrangHRM.closeBrowser(TestOrangHRM.java:25)
at Action.TestOrangHRM.closeBrowser(TestOrangHRM.java:25)
at Action.TestOrangHRM.closeBrowser(TestOrangHRM.java:25)
at Action.TestOrangHRM.closeBrowser(TestOrangHRM.java:25)
at Action.TestOrangHRM.closeBrowser(TestOrangHRM.java:25)
at Action.TestOrangHRM.closeBrowser(TestOrangHRM.java:25)
at Action.TestOrangHRM.closeBrowser(TestOrangHRM.java:25)
at Action.TestOrangHRM.closeBrowser(TestOrangHRM.java:25)
at Action.TestOrangHRM.closeBrowser(TestOrangHRM.java:25)
at Action.TestOrangHRM.closeBrowser(TestOrangHRM.java:25)
at Action.TestOrangHRM.closeBrowser(TestOrangHRM.java:25)
at Action.TestOrangHRM.closeBrowser(TestOrangHRM.java:25)
at Action.TestOrangHRM.closeBrowser(TestOrangHRM.java:25)
at Action.TestOrangHRM.closeBrowser(TestOrangHRM.java:25)
at Action.TestOrangHRM.closeBrowser(TestOrangHRM.java:25)
at Action.TestOrangHRM.closeBrowser(TestOrangHRM.java:25)
at Action.TestOrangHRM.closeBrowser(TestOrangHRM.java:25)
at Action.TestOrangHRM.closeBrowser(TestOrangHRM.java:25)
at Action.TestOrangHRM.closeBrowser(TestOrangHRM.java:25)
at Action.TestOrangHRM.closeBrowser(TestOrangHRM.java:25)
at Action.TestOrangHRM.closeBrowser(TestOrangHRM.java:25)
at Action.TestOrangHRM.closeBrowser(TestOrangHRM.java:25)
at Action.TestOrangHRM.closeBrowser(TestOrangHRM.java:25)
at Action.TestOrangHRM.closeBrowser(TestOrangHRM.java:25)
at Action.TestOrangHRM.closeBrowser(TestOrangHRM.java:25)
at Action.TestOrangHRM.closeBrowser(TestOrangHRM.java:25)
at Action.TestOrangHRM.closeBrowser(TestOrangHRM.java:25)
at Action.TestOrangHRM.closeBrowser(TestOrangHRM.java:25)
at Action.TestOrangHRM.closeBrowser(TestOrangHRM.java:25)
at Action.TestOrangHRM.closeBrowser(TestOrangHRM.java:25)
at Action.TestOrangHRM.closeBrowser(TestOrangHRM.java:25)
at Action.TestOrangHRM.closeBrowser(TestOrangHRM.java:25)
at Action.TestOrangHRM.closeBrowser(TestOrangHRM.java:25)
at Action.TestOrangHRM.closeBrowser(TestOrangHRM.java:25)
at Action.TestOrangHRM.closeBrowser(TestOrangHRM.java:25)
at Action.TestOrangHRM.closeBrowser(TestOrangHRM.java:25)
at Action.TestOrangHRM.closeBrowser(TestOrangHRM.java:25)
at Action.TestOrangHRM.closeBrowser(TestOrangHRM.java:25)
at Action.TestOrangHRM.closeBrowser(TestOrangHRM.java:25)
at Action.TestOrangHRM.closeBrowser(TestOrangHRM.java:25)
at Action.TestOrangHRM.closeBrowser(TestOrangHRM.java:25)
at Action.TestOrangHRM.closeBrowser(TestOrangHRM.java:25)
at Action.TestOrangHRM.closeBrowser(TestOrangHRM.java:25)
at Action.TestOrangHRM.closeBrowser(TestOrangHRM.java:25)
at Action.TestOrangHRM.closeBrowser(TestOrangHRM.java:25)
at Action.TestOrangHRM.closeBrowser(TestOrangHRM.java:25)
at Action.TestOrangHRM.closeBrowser(TestOrangHRM.java:25)
at Action.TestOrangHRM.closeBrowser(TestOrangHRM.java:25)
at Action.TestOrangHRM.closeBrowser(TestOrangHRM.java:25)
at Action.TestOrangHRM.closeBrowser(TestOrangHRM.java:25)
at Action.TestOrangHRM.closeBrowser(TestOrangHRM.java:25)
at Action.TestOrangHRM.closeBrowser(TestOrangHRM.java:25)
at Action.TestOrangHRM.closeBrowser(TestOrangHRM.java:25)
at Action.TestOrangHRM.closeBrowser(TestOrangHRM.java:25)
at Action.TestOrangHRM.closeBrowser(TestOrangHRM.java:25)
at Action.TestOrangHRM.closeBrowser(TestOrangHRM.java:25)
at Action.TestOrangHRM.closeBrowser(TestOrangHRM.java:25)
at Action.TestOrangHRM.closeBrowser(TestOrangHRM.java:25)
at Action.TestOrangHRM.closeBrowser(TestOrangHRM.java:25)
at Action.TestOrangHRM.closeBrowser(TestOrangHRM.java:25)
at Action.TestOrangHRM.closeBrowser(TestOrangHRM.java:25)
at Action.TestOrangHRM.closeBrowser(TestOrangHRM.java:25)
at Action.TestOrangHRM.closeBrowser(TestOrangHRM.java:25)
at Action.TestOrangHRM.closeBrowser(TestOrangHRM.java:25)
at Action.TestOrangHRM.closeBrowser(TestOrangHRM.java:25)
at Action.TestOrangHRM.closeBrowser(TestOrangHRM.java:25)
at Action.TestOrangHRM.closeBrowser(TestOrangHRM.java:25)
at Action.TestOrangHRM.closeBrowser(TestOrangHRM.java:25)
at Action.TestOrangHRM.closeBrowser(TestOrangHRM.java:25)
at Action.TestOrangHRM.closeBrowser(TestOrangHRM.java:25)
at Action.TestOrangHRM.closeBrowser(TestOrangHRM.java:25)
at Action.TestOrangHRM.closeBrowser(TestOrangHRM.java:25)
at Action.TestOrangHRM.closeBrowser(TestOrangHRM.java:25)
at Action.TestOrangHRM.closeBrowser(TestOrangHRM.java:25)
at Action.TestOrangHRM.closeBrowser(TestOrangHRM.java:25)
at Action.TestOrangHRM.closeBrowser(TestOrangHRM.java:25)
at Action.TestOrangHRM.closeBrowser(TestOrangHRM.java:25)
at Action.TestOrangHRM.closeBrowser(TestOrangHRM.java:25)
at Action.TestOrangHRM.closeBrowser(TestOrangHRM.java:25)
at Action.TestOrangHRM.closeBrowser(TestOrangHRM.java:25)
at Action.TestOrangHRM.closeBrowser(TestOrangHRM.java:25)
at Action.TestOrangHRM.closeBrowser(TestOrangHRM.java:25)
at Action.TestOrangHRM.closeBrowser(TestOrangHRM.java:25)
at Action.TestOrangHRM.closeBrowser(TestOrangHRM.java:25)
at Action.TestOrangHRM.closeBrowser(TestOrangHRM.java:25)
at Action.TestOrangHRM.closeBrowser(TestOrangHRM.java:25)
at Action.TestOrangHRM.closeBrowser(TestOrangHRM.java:25)
at Action.TestOrangHRM.closeBrowser(TestOrangHRM.java:25)
at Action.TestOrangHRM.closeBrowser(TestOrangHRM.java:25)
at Action.TestOrangHRM.closeBrowser(TestOrangHRM.java:25)
at Action.TestOrangHRM.closeBrowser(TestOrangHRM.java:25)
at Action.TestOrangHRM.closeBrowser(TestOrangHRM.java:25)
at Action.TestOrangHRM.closeBrowser(TestOrangHRM.java:25)
at Action.TestOrangHRM.closeBrowser(TestOrangHRM.java:25)
at Action.TestOrangHRM.closeBrowser(TestOrangHRM.java:25)
at Action.TestOrangHRM.closeBrowser(TestOrangHRM.java:25)
at Action.TestOrangHRM.closeBrowser(TestOrangHRM.java:25)
at Action.TestOrangHRM.closeBrowser(TestOrangHRM.java:25)
at Action.TestOrangHRM.closeBrowser(TestOrangHRM.java:25)
at Action.TestOrangHRM.closeBrowser(TestOrangHRM.java:25)
at Action.TestOrangHRM.closeBrowser(TestOrangHRM.java:25)
at Action.TestOrangHRM.closeBrowser(TestOrangHRM.java:25)
at Action.TestOrangHRM.closeBrowser(TestOrangHRM.java:25)
at Action.TestOrangHRM.closeBrowser(TestOrangHRM.java:25)
at Action.TestOrangHRM.closeBrowser(TestOrangHRM.java:25)
at Action.TestOrangHRM.closeBrowser(TestOrangHRM.java:25)
at Action.TestOrangHRM.closeBrowser(TestOrangHRM.java:25)
at Action.TestOrangHRM.closeBrowser(TestOrangHRM.java:25)
at Action.TestOrangHRM.closeBrowser(TestOrangHRM.java:25)
at Action.TestOrangHRM.closeBrowser(TestOrangHRM.java:25)
at Action.TestOrangHRM.closeBrowser(TestOrangHRM.java:25)
at Action.TestOrangHRM.closeBrowser(TestOrangHRM.java:25)
at Action.TestOrangHRM.closeBrowser(TestOrangHRM.java:25)
at Action.TestOrangHRM.closeBrowser(TestOrangHRM.java:25)
at Action.TestOrangHRM.closeBrowser(TestOrangHRM.java:25)
at Action.TestOrangHRM.closeBrowser(TestOrangHRM.java:25)
at Action.TestOrangHRM.closeBrowser(TestOrangHRM.java:25)
at Action.TestOrangHRM.closeBrowser(TestOrangHRM.java:25)
at Action.TestOrangHRM.closeBrowser(TestOrangHRM.java:25)
at Action.TestOrangHRM.closeBrowser(TestOrangHRM.java:25)
at Action.TestOrangHRM.closeBrowser(TestOrangHRM.java:25)
at Action.TestOrangHRM.closeBrowser(TestOrangHRM.java:25)
at Action.TestOrangHRM.closeBrowser(TestOrangHRM.java:25)
at Action.TestOrangHRM.closeBrowser(TestOrangHRM.java:25)
at Action.TestOrangHRM.closeBrowser(TestOrangHRM.java:25)
at Action.TestOrangHRM.closeBrowser(TestOrangHRM.java:25)
at Action.TestOrangHRM.closeBrowser(TestOrangHRM.java:25)
at Action.TestOrangHRM.closeBrowser(TestOrangHRM.java:25)
at Action.TestOrangHRM.closeBrowser(TestOrangHRM.java:25)
at Action.TestOrangHRM.closeBrowser(TestOrangHRM.java:25)
at Action.TestOrangHRM.closeBrowser(TestOrangHRM.java:25)
at Action.TestOrangHRM.closeBrowser(TestOrangHRM.java:25)
at Action.TestOrangHRM.closeBrowser(TestOrangHRM.java:25)
at Action.TestOrangHRM.closeBrowser(TestOrangHRM.java:25)
at Action.TestOrangHRM.closeBrowser(TestOrangHRM.java:25)
at Action.TestOrangHRM.closeBrowser(TestOrangHRM.java:25)
at Action.TestOrangHRM.closeBrowser(TestOrangHRM.java:25)
at Action.TestOrangHRM.closeBrowser(TestOrangHRM.java:25)
at Action.TestOrangHRM.closeBrowser(TestOrangHRM.java:25)
at Action.TestOrangHRM.closeBrowser(TestOrangHRM.java:25)
at Action.TestOrangHRM.closeBrowser(TestOrangHRM.java:25)
at Action.TestOrangHRM.closeBrowser(TestOrangHRM.java:25)
at Action.TestOrangHRM.closeBrowser(TestOrangHRM.java:25)
at Action.TestOrangHRM.closeBrowser(TestOrangHRM.java:25)
at Action.TestOrangHRM.closeBrowser(TestOrangHRM.java:25)
at Action.TestOrangHRM.closeBrowser(TestOrangHRM.java:25)
at Action.TestOrangHRM.closeBrowser(TestOrangHRM.java:25)
at Action.TestOrangHRM.closeBrowser(TestOrangHRM.java:25)
at Action.TestOrangHRM.closeBrowser(TestOrangHRM.java:25)
at Action.TestOrangHRM.closeBrowser(TestOrangHRM.java:25)
at Action.TestOrangHRM.closeBrowser(TestOrangHRM.java:25)
at Action.TestOrangHRM.closeBrowser(TestOrangHRM.java:25)
at Action.TestOrangHRM.closeBrowser(TestOrangHRM.java:25)
at Action.TestOrangHRM.closeBrowser(TestOrangHRM.java:25)
at Action.TestOrangHRM.closeBrowser(TestOrangHRM.java:25)
at Action.TestOrangHRM.closeBrowser(TestOrangHRM.java:25)
at Action.TestOrangHRM.closeBrowser(TestOrangHRM.java:25)
at Action.TestOrangHRM.closeBrowser(TestOrangHRM.java:25)
at Action.TestOrangHRM.closeBrowser(TestOrangHRM.java:25)
at Action.TestOrangHRM.closeBrowser(TestOrangHRM.java:25)
at Action.TestOrangHRM.closeBrowser(TestOrangHRM.java:25)
at Action.TestOrangHRM.closeBrowser(TestOrangHRM.java:25)
at Action.TestOrangHRM.closeBrowser(TestOrangHRM.java:25)
at Action.TestOrangHRM.closeBrowser(TestOrangHRM.java:25)
at Action.TestOrangHRM.closeBrowser(TestOrangHRM.java:25)
at Action.TestOrangHRM.closeBrowser(TestOrangHRM.java:25)
at Action.TestOrangHRM.closeBrowser(TestOrangHRM.java:25)
at Action.TestOrangHRM.closeBrowser(TestOrangHRM.java:25)
at Action.TestOrangHRM.closeBrowser(TestOrangHRM.java:25)
at Action.TestOrangHRM.closeBrowser(TestOrangHRM.java:25)
at Action.TestOrangHRM.closeBrowser(TestOrangHRM.java:25)
at Action.TestOrangHRM.closeBrowser(TestOrangHRM.java:25)
at Action.TestOrangHRM.closeBrowser(TestOrangHRM.java:25)
at Action.TestOrangHRM.closeBrowser(TestOrangHRM.java:25)
at Action.TestOrangHRM.closeBrowser(TestOrangHRM.java:25)
at Action.TestOrangHRM.closeBrowser(TestOrangHRM.java:25)
at Action.TestOrangHRM.closeBrowser(TestOrangHRM.java:25)
at Action.TestOrangHRM.closeBrowser(TestOrangHRM.java:25)
at Action.TestOrangHRM.closeBrowser(TestOrangHRM.java:25)
at Action.TestOrangHRM.closeBrowser(TestOrangHRM.java:25)
at Action.TestOrangHRM.closeBrowser(TestOrangHRM.java:25)
at Action.TestOrangHRM.closeBrowser(TestOrangHRM.java:25)
at Action.TestOrangHRM.closeBrowser(TestOrangHRM.java:25)
at Action.TestOrangHRM.closeBrowser(TestOrangHRM.java:25)
at Action.TestOrangHRM.closeBrowser(TestOrangHRM.java:25)
at Action.TestOrangHRM.closeBrowser(TestOrangHRM.java:25)
at Action.TestOrangHRM.closeBrowser(TestOrangHRM.java:25)
at Action.TestOrangHRM.closeBrowser(TestOrangHRM.java:25)
at Action.TestOrangHRM.closeBrowser(TestOrangHRM.java:25)
at Action.TestOrangHRM.closeBrowser(TestOrangHRM.java:25)
at Action.TestOrangHRM.closeBrowser(TestOrangHRM.java:25)
at Action.TestOrangHRM.closeBrowser(TestOrangHRM.java:25)
at Action.TestOrangHRM.closeBrowser(TestOrangHRM.java:25)
at Action.TestOrangHRM.closeBrowser(TestOrangHRM.java:25)
at Action.TestOrangHRM.closeBrowser(TestOrangHRM.java:25)
at Action.TestOrangHRM.closeBrowser(TestOrangHRM.java:25)
at Action.TestOrangHRM.closeBrowser(TestOrangHRM.java:25)
at Action.TestOrangHRM.closeBrowser(TestOrangHRM.java:25)
at Action.TestOrangHRM.closeBrowser(TestOrangHRM.java:25)
at Action.TestOrangHRM.closeBrowser(TestOrangHRM.java:25)
at Action.TestOrangHRM.closeBrowser(TestOrangHRM.java:25)
at Action.TestOrangHRM.closeBrowser(TestOrangHRM.java:25)
at Action.TestOrangHRM.closeBrowser(TestOrangHRM.java:25)
at Action.TestOrangHRM.closeBrowser(TestOrangHRM.java:25)
at Action.TestOrangHRM.closeBrowser(TestOrangHRM.java:25)
at Action.TestOrangHRM.closeBrowser(TestOrangHRM.java:25)
at Action.TestOrangHRM.closeBrowser(TestOrangHRM.java:25)
at Action.TestOrangHRM.closeBrowser(TestOrangHRM.java:25)
at Action.TestOrangHRM.closeBrowser(TestOrangHRM.java:25)
at Action.TestOrangHRM.closeBrowser(TestOrangHRM.java:25)
at Action.TestOrangHRM.closeBrowser(TestOrangHRM.java:25)
at Action.TestOrangHRM.closeBrowser(TestOrangHRM.java:25)
at Action.TestOrangHRM.closeBrowser(TestOrangHRM.java:25)
at Action.TestOrangHRM.closeBrowser(TestOrangHRM.java:25)
at Action.TestOrangHRM.closeBrowser(TestOrangHRM.java:25)
at Action.TestOrangHRM.closeBrowser(TestOrangHRM.java:25)
at Action.TestOrangHRM.closeBrowser(TestOrangHRM.java:25)
at Action.TestOrangHRM.closeBrowser(TestOrangHRM.java:25)
at Action.TestOrangHRM.closeBrowser(TestOrangHRM.java:25)
at Action.TestOrangHRM.closeBrowser(TestOrangHRM.java:25)
at Action.TestOrangHRM.closeBrowser(TestOrangHRM.java:25)
at Action.TestOrangHRM.closeBrowser(TestOrangHRM.java:25)
at Action.TestOrangHRM.closeBrowser(TestOrangHRM.java:25)
at Action.TestOrangHRM.closeBrowser(TestOrangHRM.java:25)
at Action.TestOrangHRM.closeBrowser(TestOrangHRM.java:25)
at Action.TestOrangHRM.closeBrowser(TestOrangHRM.java:25)
at Action.TestOrangHRM.closeBrowser(TestOrangHRM.java:25)
at Action.TestOrangHRM.closeBrowser(TestOrangHRM.java:25)
at Action.TestOrangHRM.closeBrowser(TestOrangHRM.java:25)
at Action.TestOrangHRM.closeBrowser(TestOrangHRM.java:25)
at Action.TestOrangHRM.closeBrowser(TestOrangHRM.java:25)
at Action.TestOrangHRM.closeBrowser(TestOrangHRM.java:25)
at Action.TestOrangHRM.closeBrowser(TestOrangHRM.java:25)
at Action.TestOrangHRM.closeBrowser(TestOrangHRM.java:25)
at Action.TestOrangHRM.closeBrowser(TestOrangHRM.java:25)
at Action.TestOrangHRM.closeBrowser(TestOrangHRM.java:25)
at Action.TestOrangHRM.closeBrowser(TestOrangHRM.java:25)
at Action.TestOrangHRM.closeBrowser(TestOrangHRM.java:25)
at Action.TestOrangHRM.closeBrowser(TestOrangHRM.java:25)
at Action.TestOrangHRM.closeBrowser(TestOrangHRM.java:25)
at Action.TestOrangHRM.closeBrowser(TestOrangHRM.java:25)
at Action.TestOrangHRM.closeBrowser(TestOrangHRM.java:25)
at Action.TestOrangHRM.closeBrowser(TestOrangHRM.java:25)
at Action.TestOrangHRM.closeBrowser(TestOrangHRM.java:25)
at Action.TestOrangHRM.closeBrowser(TestOrangHRM.java:25)
at Action.TestOrangHRM.closeBrowser(TestOrangHRM.java:25)
at Action.TestOrangHRM.closeBrowser(TestOrangHRM.java:25)
at Action.TestOrangHRM.closeBrowser(TestOrangHRM.java:25)
at Action.TestOrangHRM.closeBrowser(TestOrangHRM.java:25)
at Action.TestOrangHRM.closeBrowser(TestOrangHRM.java:25)
at Action.TestOrangHRM.closeBrowser(TestOrangHRM.java:25)
at Action.TestOrangHRM.closeBrowser(TestOrangHRM.java:25)
at Action.TestOrangHRM.closeBrowser(TestOrangHRM.java:25)
at Action.TestOrangHRM.closeBrowser(TestOrangHRM.java:25)
at Action.TestOrangHRM.closeBrowser(TestOrangHRM.java:25)
at Action.TestOrangHRM.closeBrowser(TestOrangHRM.java:25)
at Action.TestOrangHRM.closeBrowser(TestOrangHRM.java:25)
at Action.TestOrangHRM.closeBrowser(TestOrangHRM.java:25)
at Action.TestOrangHRM.closeBrowser(TestOrangHRM.java:25)
at Action.TestOrangHRM.closeBrowser(TestOrangHRM.java:25)
at Action.TestOrangHRM.closeBrowser(TestOrangHRM.java:25)
at Action.TestOrangHRM.closeBrowser(TestOrangHRM.java:25)
at Action.TestOrangHRM.closeBrowser(TestOrangHRM.java:25)
at Action.TestOrangHRM.closeBrowser(TestOrangHRM.java:25)
at Action.TestOrangHRM.closeBrowser(TestOrangHRM.java:25)
at Action.TestOrangHRM.closeBrowser(TestOrangHRM.java:25)
at Action.TestOrangHRM.closeBrowser(TestOrangHRM.java:25)
at Action.TestOrangHRM.closeBrowser(TestOrangHRM.java:25)
at Action.TestOrangHRM.closeBrowser(TestOrangHRM.java:25)
at Action.TestOrangHRM.closeBrowser(TestOrangHRM.java:25)
at Action.TestOrangHRM.closeBrowser(TestOrangHRM.java:25)
at Action.TestOrangHRM.closeBrowser(TestOrangHRM.java:25)
at Action.TestOrangHRM.closeBrowser(TestOrangHRM.java:25)
at Action.TestOrangHRM.closeBrowser(TestOrangHRM.java:25)
at Action.TestOrangHRM.closeBrowser(TestOrangHRM.java:25)
at Action.TestOrangHRM.closeBrowser(TestOrangHRM.java:25)
at Action.TestOrangHRM.closeBrowser(TestOrangHRM.java:25)
at Action.TestOrangHRM.closeBrowser(TestOrangHRM.java:25)
at Action.TestOrangHRM.closeBrowser(TestOrangHRM.java:25)
at Action.TestOrangHRM.closeBrowser(TestOrangHRM.java:25)
at Action.TestOrangHRM.closeBrowser(TestOrangHRM.java:25)
at Action.TestOrangHRM.closeBrowser(TestOrangHRM.java:25)
at Action.TestOrangHRM.closeBrowser(TestOrangHRM.java:25)
at Action.TestOrangHRM.closeBrowser(TestOrangHRM.java:25)
at Action.TestOrangHRM.closeBrowser(TestOrangHRM.java:25)
at Action.TestOrangHRM.closeBrowser(TestOrangHRM.java:25)
at Action.TestOrangHRM.closeBrowser(TestOrangHRM.java:25)
at Action.TestOrangHRM.closeBrowser(TestOrangHRM.java:25)
at Action.TestOrangHRM.closeBrowser(TestOrangHRM.java:25)
at Action.TestOrangHRM.closeBrowser(TestOrangHRM.java:25)
at Action.TestOrangHRM.closeBrowser(TestOrangHRM.java:25)
at Action.TestOrangHRM.closeBrowser(TestOrangHRM.java:25)
at Action.TestOrangHRM.closeBrowser(TestOrangHRM.java:25)
at Action.TestOrangHRM.closeBrowser(TestOrangHRM.java:25)
at Action.TestOrangHRM.closeBrowser(TestOrangHRM.java:25)
at Action.TestOrangHRM.closeBrowser(TestOrangHRM.java:25)
at Action.TestOrangHRM.closeBrowser(TestOrangHRM.java:25)
at Action.TestOrangHRM.closeBrowser(TestOrangHRM.java:25)
at Action.TestOrangHRM.closeBrowser(TestOrangHRM.java:25)
at Action.TestOrangHRM.closeBrowser(TestOrangHRM.java:25)
at Action.TestOrangHRM.closeBrowser(TestOrangHRM.java:25)
at Action.TestOrangHRM.closeBrowser(TestOrangHRM.java:25)
at Action.TestOrangHRM.closeBrowser(TestOrangHRM.java:25)
at Action.TestOrangHRM.closeBrowser(TestOrangHRM.java:25)
at Action.TestOrangHRM.closeBrowser(TestOrangHRM.java:25)
at Action.TestOrangHRM.closeBrowser(TestOrangHRM.java:25)
at Action.TestOrangHRM.closeBrowser(TestOrangHRM.java:25)
at Action.TestOrangHRM.closeBrowser(TestOrangHRM.java:25)
at Action.TestOrangHRM.closeBrowser(TestOrangHRM.java:25)
at Action.TestOrangHRM.closeBrowser(TestOrangHRM.java:25)
at Action.TestOrangHRM.closeBrowser(TestOrangHRM.java:25)
at Action.TestOrangHRM.closeBrowser(TestOrangHRM.java:25)
at Action.TestOrangHRM.closeBrowser(TestOrangHRM.java:25)
at Action.TestOrangHRM.closeBrowser(TestOrangHRM.java:25)
at Action.TestOrangHRM.closeBrowser(TestOrangHRM.java:25)
at Action.TestOrangHRM.closeBrowser(TestOrangHRM.java:25)
at Action.TestOrangHRM.closeBrowser(TestOrangHRM.java:25)
at Action.TestOrangHRM.closeBrowser(TestOrangHRM.java:25)
at Action.TestOrangHRM.closeBrowser(TestOrangHRM.java:25)
at Action.TestOrangHRM.closeBrowser(TestOrangHRM.java:25)
at Action.TestOrangHRM.closeBrowser(TestOrangHRM.java:25)
at Action.TestOrangHRM.closeBrowser(TestOrangHRM.java:25)
at Action.TestOrangHRM.closeBrowser(TestOrangHRM.java:25)
at Action.TestOrangHRM.closeBrowser(TestOrangHRM.java:25)
at Action.TestOrangHRM.closeBrowser(TestOrangHRM.java:25)
at Action.TestOrangHRM.closeBrowser(TestOrangHRM.java:25)
at Action.TestOrangHRM.closeBrowser(TestOrangHRM.java:25)
at Action.TestOrangHRM.closeBrowser(TestOrangHRM.java:25)
at Action.TestOrangHRM.closeBrowser(TestOrangHRM.java:25)
at Action.TestOrangHRM.closeBrowser(TestOrangHRM.java:25)
at Action.TestOrangHRM.closeBrowser(TestOrangHRM.java:25)
at Action.TestOrangHRM.closeBrowser(TestOrangHRM.java:25)
at Action.TestOrangHRM.closeBrowser(TestOrangHRM.java:25)
at Action.TestOrangHRM.closeBrowser(TestOrangHRM.java:25)
at Action.TestOrangHRM.closeBrowser(TestOrangHRM.java:25)
at Action.TestOrangHRM.closeBrowser(TestOrangHRM.java:25)
at Action.TestOrangHRM.closeBrowser(TestOrangHRM.java:25)
at Action.TestOrangHRM.closeBrowser(TestOrangHRM.java:25)
at Action.TestOrangHRM.closeBrowser(TestOrangHRM.java:25)
at Action.TestOrangHRM.closeBrowser(TestOrangHRM.java:25)
at Action.TestOrangHRM.closeBrowser(TestOrangHRM.java:25)
at Action.TestOrangHRM.closeBrowser(TestOrangHRM.java:25)
at Action.TestOrangHRM.closeBrowser(TestOrangHRM.java:25)
at Action.TestOrangHRM.closeBrowser(TestOrangHRM.java:25)
at Action.TestOrangHRM.closeBrowser(TestOrangHRM.java:25)
at Action.TestOrangHRM.closeBrowser(TestOrangHRM.java:25)
at Action.TestOrangHRM.closeBrowser(TestOrangHRM.java:25)
at Action.TestOrangHRM.closeBrowser(TestOrangHRM.java:25)
at Action.TestOrangHRM.closeBrowser(TestOrangHRM.java:25)
at Action.TestOrangHRM.closeBrowser(TestOrangHRM.java:25)
at Action.TestOrangHRM.closeBrowser(TestOrangHRM.java:25)
at Action.TestOrangHRM.closeBrowser(TestOrangHRM.java:25)
at Action.TestOrangHRM.closeBrowser(TestOrangHRM.java:25)
at Action.TestOrangHRM.closeBrowser(TestOrangHRM.java:25)
at Action.TestOrangHRM.closeBrowser(TestOrangHRM.java:25)
at Action.TestOrangHRM.closeBrowser(TestOrangHRM.java:25)
at Action.TestOrangHRM.closeBrowser(TestOrangHRM.java:25)
at Action.TestOrangHRM.closeBrowser(TestOrangHRM.java:25)
at Action.TestOrangHRM.closeBrowser(TestOrangHRM.java:25)
at Action.TestOrangHRM.closeBrowser(TestOrangHRM.java:25)
at Action.TestOrangHRM.closeBrowser(TestOrangHRM.java:25)
at Action.TestOrangHRM.closeBrowser(TestOrangHRM.java:25)
at Action.TestOrangHRM.closeBrowser(TestOrangHRM.java:25)
at Action.TestOrangHRM.closeBrowser(TestOrangHRM.java:25)
at Action.TestOrangHRM.closeBrowser(TestOrangHRM.java:25)
at Action.TestOrangHRM.closeBrowser(TestOrangHRM.java:25)
at Action.TestOrangHRM.closeBrowser(TestOrangHRM.java:25)
at Action.TestOrangHRM.closeBrowser(TestOrangHRM.java:25)
at Action.TestOrangHRM.closeBrowser(TestOrangHRM.java:25)
at Action.TestOrangHRM.closeBrowser(TestOrangHRM.java:25)
at Action.TestOrangHRM.closeBrowser(TestOrangHRM.java:25)
at Action.TestOrangHRM.closeBrowser(TestOrangHRM.java:25)
at Action.TestOrangHRM.closeBrowser(TestOrangHRM.java:25)
at Action.TestOrangHRM.closeBrowser(TestOrangHRM.java:25)
at Action.TestOrangHRM.closeBrowser(TestOrangHRM.java:25)
at Action.TestOrangHRM.closeBrowser(TestOrangHRM.java:25)
at Action.TestOrangHRM.closeBrowser(TestOrangHRM.java:25)
at Action.TestOrangHRM.closeBrowser(TestOrangHRM.java:25)
at Action.TestOrangHRM.closeBrowser(TestOrangHRM.java:25)
at Action.TestOrangHRM.closeBrowser(TestOrangHRM.java:25)
at Action.TestOrangHRM.closeBrowser(TestOrangHRM.java:25)
at Action.TestOrangHRM.closeBrowser(TestOrangHRM.java:25)
at Action.TestOrangHRM.closeBrowser(TestOrangHRM.java:25)
at Action.TestOrangHRM.closeBrowser(TestOrangHRM.java:25)
at Action.TestOrangHRM.closeBrowser(TestOrangHRM.java:25)
at Action.TestOrangHRM.closeBrowser(TestOrangHRM.java:25)
at Action.TestOrangHRM.closeBrowser(TestOrangHRM.java:25)
at Action.TestOrangHRM.closeBrowser(TestOrangHRM.java:25)
at Action.TestOrangHRM.closeBrowser(TestOrangHRM.java:25)
at Action.TestOrangHRM.closeBrowser(TestOrangHRM.java:25)
at Action.TestOrangHRM.closeBrowser(TestOrangHRM.java:25)
at Action.TestOrangHRM.closeBrowser(TestOrangHRM.java:25)
at Action.TestOrangHRM.closeBrowser(TestOrangHRM.java:25)
at Action.TestOrangHRM.closeBrowser(TestOrangHRM.java:25)
at Action.TestOrangHRM.closeBrowser(TestOrangHRM.java:25)
at Action.TestOrangHRM.closeBrowser(TestOrangHRM.java:25)
at Action.TestOrangHRM.closeBrowser(TestOrangHRM.java:25)
at Action.TestOrangHRM.closeBrowser(TestOrangHRM.java:25)
at Action.TestOrangHRM.closeBrowser(TestOrangHRM.java:25)
at Action.TestOrangHRM.closeBrowser(TestOrangHRM.java:25)
at Action.TestOrangHRM.closeBrowser(TestOrangHRM.java:25)
at Action.TestOrangHRM.closeBrowser(TestOrangHRM.java:25)
at Action.TestOrangHRM.closeBrowser(TestOrangHRM.java:25)
at Action.TestOrangHRM.closeBrowser(TestOrangHRM.java:25)
at Action.TestOrangHRM.closeBrowser(TestOrangHRM.java:25)
at Action.TestOrangHRM.closeBrowser(TestOrangHRM.java:25)
at Action.TestOrangHRM.closeBrowser(TestOrangHRM.java:25)
at Action.TestOrangHRM.closeBrowser(TestOrangHRM.java:25)
at Action.TestOrangHRM.closeBrowser(TestOrangHRM.java:25)
at Action.TestOrangHRM.closeBrowser(TestOrangHRM.java:25)
at Action.TestOrangHRM.closeBrowser(TestOrangHRM.java:25)
at Action.TestOrangHRM.closeBrowser(TestOrangHRM.java:25)
at Action.TestOrangHRM.closeBrowser(TestOrangHRM.java:25)
at Action.TestOrangHRM.closeBrowser(TestOrangHRM.java:25)
at Action.TestOrangHRM.closeBrowser(TestOrangHRM.java:25)
at Action.TestOrangHRM.closeBrowser(TestOrangHRM.java:25)
at Action.TestOrangHRM.closeBrowser(TestOrangHRM.java:25)
at Action.TestOrangHRM.closeBrowser(TestOrangHRM.java:25)
at Action.TestOrangHRM.closeBrowser(TestOrangHRM.java:25)
at Action.TestOrangHRM.closeBrowser(TestOrangHRM.java:25)
at Action.TestOrangHRM.closeBrowser(TestOrangHRM.java:25)
at Action.TestOrangHRM.closeBrowser(TestOrangHRM.java:25)
at Action.TestOrangHRM.closeBrowser(TestOrangHRM.java:25)
at Action.TestOrangHRM.closeBrowser(TestOrangHRM.java:25)
at Action.TestOrangHRM.closeBrowser(TestOrangHRM.java:25)
at Action.TestOrangHRM.closeBrowser(TestOrangHRM.java:25)
at Action.TestOrangHRM.closeBrowser(TestOrangHRM.java:25)
at Action.TestOrangHRM.closeBrowser(TestOrangHRM.java:25)
at Action.TestOrangHRM.closeBrowser(TestOrangHRM.java:25)
at Action.TestOrangHRM.closeBrowser(TestOrangHRM.java:25)
at Action.TestOrangHRM.closeBrowser(TestOrangHRM.java:25)
at Action.TestOrangHRM.closeBrowser(TestOrangHRM.java:25)
at Action.TestOrangHRM.closeBrowser(TestOrangHRM.java:25)
at Action.TestOrangHRM.closeBrowser(TestOrangHRM.java:25)
at Action.TestOrangHRM.closeBrowser(TestOrangHRM.java:25)
at Action.TestOrangHRM.closeBrowser(TestOrangHRM.java:25)
at Action.TestOrangHRM.closeBrowser(TestOrangHRM.java:25)
at Action.TestOrangHRM.closeBrowser(TestOrangHRM.java:25)
at Action.TestOrangHRM.closeBrowser(TestOrangHRM.java:25)
at Action.TestOrangHRM.closeBrowser(TestOrangHRM.java:25)
at Action.TestOrangHRM.closeBrowser(TestOrangHRM.java:25)
at Action.TestOrangHRM.closeBrowser(TestOrangHRM.java:25)
at Action.TestOrangHRM.closeBrowser(TestOrangHRM.java:25)
at Action.TestOrangHRM.closeBrowser(TestOrangHRM.java:25)
at Action.TestOrangHRM.closeBrowser(TestOrangHRM.java:25)
at Action.TestOrangHRM.closeBrowser(TestOrangHRM.java:25)
at Action.TestOrangHRM.closeBrowser(TestOrangHRM.java:25)
at Action.TestOrangHRM.closeBrowser(TestOrangHRM.java:25)
at Action.TestOrangHRM.closeBrowser(TestOrangHRM.java:25)
at Action.TestOrangHRM.closeBrowser(TestOrangHRM.java:25)
at Action.TestOrangHRM.closeBrowser(TestOrangHRM.java:25)
at Action.TestOrangHRM.closeBrowser(TestOrangHRM.java:25)
at Action.TestOrangHRM.closeBrowser(TestOrangHRM.java:25)
at Action.TestOrangHRM.closeBrowser(TestOrangHRM.java:25)
at Action.TestOrangHRM.closeBrowser(TestOrangHRM.java:25)
at Action.TestOrangHRM.closeBrowser(TestOrangHRM.java:25)
at Action.TestOrangHRM.closeBrowser(TestOrangHRM.java:25)
at Action.TestOrangHRM.closeBrowser(TestOrangHRM.java:25)
at Action.TestOrangHRM.closeBrowser(TestOrangHRM.java:25)
at Action.TestOrangHRM.closeBrowser(TestOrangHRM.java:25)
at Action.TestOrangHRM.closeBrowser(TestOrangHRM.java:25)
at Action.TestOrangHRM.closeBrowser(TestOrangHRM.java:25)
at Action.TestOrangHRM.closeBrowser(TestOrangHRM.java:25)
at Action.TestOrangHRM.closeBrowser(TestOrangHRM.java:25)
at Action.TestOrangHRM.closeBrowser(TestOrangHRM.java:25)
at Action.TestOrangHRM.closeBrowser(TestOrangHRM.java:25)
at Action.TestOrangHRM.closeBrowser(TestOrangHRM.java:25)
at Action.TestOrangHRM.closeBrowser(TestOrangHRM.java:25)
at Action.TestOrangHRM.closeBrowser(TestOrangHRM.java:25)
at Action.TestOrangHRM.closeBrowser(TestOrangHRM.java:25)
at Action.TestOrangHRM.closeBrowser(TestOrangHRM.java:25)
at Action.TestOrangHRM.closeBrowser(TestOrangHRM.java:25)
at Action.TestOrangHRM.closeBrowser(TestOrangHRM.java:25)
at Action.TestOrangHRM.closeBrowser(TestOrangHRM.java:25)
at Action.TestOrangHRM.closeBrowser(TestOrangHRM.java:25)
at Action.TestOrangHRM.closeBrowser(TestOrangHRM.java:25)
at Action.TestOrangHRM.closeBrowser(TestOrangHRM.java:25)
at Action.TestOrangHRM.closeBrowser(TestOrangHRM.java:25)
at Action.TestOrangHRM.closeBrowser(TestOrangHRM.java:25)
at Action.TestOrangHRM.closeBrowser(TestOrangHRM.java:25)
at Action.TestOrangHRM.closeBrowser(TestOrangHRM.java:25)
at Action.TestOrangHRM.closeBrowser(TestOrangHRM.java:25)
at Action.TestOrangHRM.closeBrowser(TestOrangHRM.java:25)
at Action.TestOrangHRM.closeBrowser(TestOrangHRM.java:25)
at Action.TestOrangHRM.closeBrowser(TestOrangHRM.java:25)
at Action.TestOrangHRM.closeBrowser(TestOrangHRM.java:25)
at Action.TestOrangHRM.closeBrowser(TestOrangHRM.java:25)
at Action.TestOrangHRM.closeBrowser(TestOrangHRM.java:25)
at Action.TestOrangHRM.closeBrowser(TestOrangHRM.java:25)
at Action.TestOrangHRM.closeBrowser(TestOrangHRM.java:25)
at Action.TestOrangHRM.closeBrowser(TestOrangHRM.java:25)
at Action.TestOrangHRM.closeBrowser(TestOrangHRM.java:25)
at Action.TestOrangHRM.closeBrowser(TestOrangHRM.java:25)
at Action.TestOrangHRM.closeBrowser(TestOrangHRM.java:25)
at Action.TestOrangHRM.closeBrowser(TestOrangHRM.java:25)
at Action.TestOrangHRM.closeBrowser(TestOrangHRM.java:25)
at Action.TestOrangHRM.closeBrowser(TestOrangHRM.java:25)
at Action.TestOrangHRM.closeBrowser(TestOrangHRM.java:25)
at Action.TestOrangHRM.closeBrowser(TestOrangHRM.java:25)
at Action.TestOrangHRM.closeBrowser(TestOrangHRM.java:25)
at Action.TestOrangHRM.closeBrowser(TestOrangHRM.java:25)
at Action.TestOrangHRM.closeBrowser(TestOrangHRM.java:25)
at Action.TestOrangHRM.closeBrowser(TestOrangHRM.java:25)
at Action.TestOrangHRM.closeBrowser(TestOrangHRM.java:25)
at Action.TestOrangHRM.closeBrowser(TestOrangHRM.java:25)
at Action.TestOrangHRM.closeBrowser(TestOrangHRM.java:25)
at Action.TestOrangHRM.closeBrowser(TestOrangHRM.java:25)
at Action.TestOrangHRM.closeBrowser(TestOrangHRM.java:25)
at Action.TestOrangHRM.closeBrowser(TestOrangHRM.java:25)
at Action.TestOrangHRM.closeBrowser(TestOrangHRM.java:25)
at Action.TestOrangHRM.closeBrowser(TestOrangHRM.java:25)
at Action.TestOrangHRM.closeBrowser(TestOrangHRM.java:25)
at Action.TestOrangHRM.closeBrowser(TestOrangHRM.java:25)
at Action.TestOrangHRM.closeBrowser(TestOrangHRM.java:25)
at Action.TestOrangHRM.closeBrowser(TestOrangHRM.java:25)
at Action.TestOrangHRM.closeBrowser(TestOrangHRM.java:25)
at Action.TestOrangHRM.closeBrowser(TestOrangHRM.java:25)
at Action.TestOrangHRM.closeBrowser(TestOrangHRM.java:25)
at Action.TestOrangHRM.closeBrowser(TestOrangHRM.java:25)
at Action.TestOrangHRM.closeBrowser(TestOrangHRM.java:25)
at Action.TestOrangHRM.closeBrowser(TestOrangHRM.java:25)
at Action.TestOrangHRM.closeBrowser(TestOrangHRM.java:25)
at Action.TestOrangHRM.closeBrowser(TestOrangHRM.java:25)
at Action.TestOrangHRM.closeBrowser(TestOrangHRM.java:25)
at Action.TestOrangHRM.closeBrowser(TestOrangHRM.java:25)
at Action.TestOrangHRM.closeBrowser(TestOrangHRM.java:25)
at Action.TestOrangHRM.closeBrowser(TestOrangHRM.java:25)
at Action.TestOrangHRM.closeBrowser(TestOrangHRM.java:25)
at Action.TestOrangHRM.closeBrowser(TestOrangHRM.java:25)
at Action.TestOrangHRM.closeBrowser(TestOrangHRM.java:25)
at Action.TestOrangHRM.closeBrowser(TestOrangHRM.java:25)
at Action.TestOrangHRM.closeBrowser(TestOrangHRM.java:25)
at Action.TestOrangHRM.closeBrowser(TestOrangHRM.java:25)
at Action.TestOrangHRM.closeBrowser(TestOrangHRM.java:25)
at Action.TestOrangHRM.closeBrowser(TestOrangHRM.java:25)
at Action.TestOrangHRM.closeBrowser(TestOrangHRM.java:25)
at Action.TestOrangHRM.closeBrowser(TestOrangHRM.java:25)
at Action.TestOrangHRM.closeBrowser(TestOrangHRM.java:25)
at Action.TestOrangHRM.closeBrowser(TestOrangHRM.java:25)
at Action.TestOrangHRM.closeBrowser(TestOrangHRM.java:25)
at Action.TestOrangHRM.closeBrowser(TestOrangHRM.java:25)
at Action.TestOrangHRM.closeBrowser(TestOrangHRM.java:25)
at Action.TestOrangHRM.closeBrowser(TestOrangHRM.java:25)
at Action.TestOrangHRM.closeBrowser(TestOrangHRM.java:25)
at Action.TestOrangHRM.closeBrowser(TestOrangHRM.java:25)
at Action.TestOrangHRM.closeBrowser(TestOrangHRM.java:25)
at Action.TestOrangHRM.closeBrowser(TestOrangHRM.java:25)
at Action.TestOrangHRM.closeBrowser(TestOrangHRM.java:25)
at Action.TestOrangHRM.closeBrowser(TestOrangHRM.java:25)
at Action.TestOrangHRM.closeBrowser(TestOrangHRM.java:25)
at Action.TestOrangHRM.closeBrowser(TestOrangHRM.java:25)
at Action.TestOrangHRM.closeBrowser(TestOrangHRM.java:25)
at Action.TestOrangHRM.closeBrowser(TestOrangHRM.java:25)
at Action.TestOrangHRM.closeBrowser(TestOrangHRM.java:25)
at Action.TestOrangHRM.closeBrowser(TestOrangHRM.java:25)
at Action.TestOrangHRM.closeBrowser(TestOrangHRM.java:25)
at Action.TestOrangHRM.closeBrowser(TestOrangHRM.java:25)
at Action.TestOrangHRM.closeBrowser(TestOrangHRM.java:25)
at Action.TestOrangHRM.closeBrowser(TestOrangHRM.java:25)
at Action.TestOrangHRM.closeBrowser(TestOrangHRM.java:25)
at Action.TestOrangHRM.closeBrowser(TestOrangHRM.java:25)
at Action.TestOrangHRM.closeBrowser(TestOrangHRM.java:25)
at Action.TestOrangHRM.closeBrowser(TestOrangHRM.java:25)
at Action.TestOrangHRM.closeBrowser(TestOrangHRM.java:25)
at Action.TestOrangHRM.closeBrowser(TestOrangHRM.java:25)
at Action.TestOrangHRM.closeBrowser(TestOrangHRM.java:25)
at Action.TestOrangHRM.closeBrowser(TestOrangHRM.java:25)
at Action.TestOrangHRM.closeBrowser(TestOrangHRM.java:25)
at Action.TestOrangHRM.closeBrowser(TestOrangHRM.java:25)
at Action.TestOrangHRM.closeBrowser(TestOrangHRM.java:25)
at Action.TestOrangHRM.closeBrowser(TestOrangHRM.java:25)
at Action.TestOrangHRM.closeBrowser(TestOrangHRM.java:25)
]]>
    </failure>
  </testcase> <!-- @AfterMethod closeBrowser -->
  <testcase classname="Action.TestOrangHRM" name="Login" time="1.365"/>
</testsuite> <!-- Default test -->
