<?xml version="1.0" encoding="UTF-8"?>
<testng-results ignored="0" total="1" passed="1" failed="0" skipped="0">
  <reporter-output>
  </reporter-output>
  <suite started-at="2024-04-24T10:41:51 EDT" name="Default suite" finished-at="2024-04-24T10:41:58 EDT" duration-ms="7280">
    <groups>
    </groups>
    <test started-at="2024-04-24T10:41:51 EDT" name="Default test" finished-at="2024-04-24T10:41:58 EDT" duration-ms="7280">
      <class name="Action.TestOrangHRM">
        <test-method is-config="true" signature="OpenBrowser()[pri:0, instance:Action.TestOrangHRM@342c38f8]" started-at="2024-04-24T10:41:51 EDT" name="OpenBrowser" finished-at="2024-04-24T10:41:57 EDT" duration-ms="5829" status="PASS">
          <reporter-output>
          </reporter-output>
        </test-method> <!-- OpenBrowser -->
        <test-method signature="Login()[pri:0, instance:Action.TestOrangHRM@342c38f8]" started-at="2024-04-24T10:41:57 EDT" name="Login" finished-at="2024-04-24T10:41:58 EDT" duration-ms="1365" status="PASS">
          <reporter-output>
          </reporter-output>
        </test-method> <!-- Login -->
        <test-method is-config="true" signature="closeBrowser()[pri:0, instance:Action.TestOrangHRM@342c38f8]" started-at="2024-04-24T10:41:58 EDT" name="closeBrowser" finished-at="2024-04-24T10:41:58 EDT" duration-ms="7" status="FAIL">
          <exception class="java.lang.StackOverflowError">
            <full-stacktrace>
              <![CDATA[java.lang.StackOverflowError
at Action.TestOrangHRM.closeBrowser(TestOrangHRM.java:25)
at Action.TestOrangHRM.closeBrowser(TestOrangHRM.java:25)
at Action.TestOrangHRM.closeBrowser(TestOrangHRM.java:25)
at Action.TestOrangHRM.closeBrowser(TestOrangHRM.java:25)
at Action.TestOrangHRM.closeBrowser(TestOrangHRM.java:25)
at Action.TestOrangHRM.closeBrowser(TestOrangHRM.java:25)
at Action.TestOrangHRM.closeBrowser(TestOrangHRM.java:25)
at Action.TestOrangHRM.closeBrowser(TestOrangHRM.java:25)
at Action.TestOrangHRM.closeBrowser(TestOrangHRM.java:25)
at Action.TestOrangHRM.closeBrowser(TestOrangHRM.java:25)
at Action.TestOrangHRM.closeBrowser(TestOrangHRM.java:25)
at Action.TestOrangHRM.closeBrowser(TestOrangHRM.java:25)
at Action.TestOrangHRM.closeBrowser(TestOrangHRM.java:25)
at Action.TestOrangHRM.closeBrowser(TestOrangHRM.java:25)
at Action.TestOrangHRM.closeBrowser(TestOrangHRM.java:25)
at Action.TestOrangHRM.closeBrowser(TestOrangHRM.java:25)
at Action.TestOrangHRM.closeBrowser(TestOrangHRM.java:25)
at Action.TestOrangHRM.closeBrowser(TestOrangHRM.java:25)
at Action.TestOrangHRM.closeBrowser(TestOrangHRM.java:25)
at Action.TestOrangHRM.closeBrowser(TestOrangHRM.java:25)
at Action.TestOrangHRM.closeBrowser(TestOrangHRM.java:25)
at Action.TestOrangHRM.closeBrowser(TestOrangHRM.java:25)
at Action.TestOrangHRM.closeBrowser(TestOrangHRM.java:25)
at Action.TestOrangHRM.closeBrowser(TestOrangHRM.java:25)
at Action.TestOrangHRM.closeBrowser(TestOrangHRM.java:25)
at Action.TestOrangHRM.closeBrowser(TestOrangHRM.java:25)
at Action.TestOrangHRM.closeBrowser(TestOrangHRM.java:25)
at Action.TestOrangHRM.closeBrowser(TestOrangHRM.java:25)
at Action.TestOrangHRM.closeBrowser(TestOrangHRM.java:25)
at Action.TestOrangHRM.closeBrowser(TestOrangHRM.java:25)
at Action.TestOrangHRM.closeBrowser(TestOrangHRM.java:25)
at Action.TestOrangHRM.closeBrowser(TestOrangHRM.java:25)
at Action.TestOrangHRM.closeBrowser(TestOrangHRM.java:25)
at Action.TestOrangHRM.closeBrowser(TestOrangHRM.java:25)
at Action.TestOrangHRM.closeBrowser(TestOrangHRM.java:25)
at Action.TestOrangHRM.closeBrowser(TestOrangHRM.java:25)
at Action.TestOrangHRM.closeBrowser(TestOrangHRM.java:25)
at Action.TestOrangHRM.closeBrowser(TestOrangHRM.java:25)
at Action.TestOrangHRM.closeBrowser(TestOrangHRM.java:25)
at Action.TestOrangHRM.closeBrowser(TestOrangHRM.java:25)
at Action.TestOrangHRM.closeBrowser(TestOrangHRM.java:25)
at Action.TestOrangHRM.closeBrowser(TestOrangHRM.java:25)
at Action.TestOrangHRM.closeBrowser(TestOrangHRM.java:25)
at Action.TestOrangHRM.closeBrowser(TestOrangHRM.java:25)
at Action.TestOrangHRM.closeBrowser(TestOrangHRM.java:25)
at Action.TestOrangHRM.closeBrowser(TestOrangHRM.java:25)
at Action.TestOrangHRM.closeBrowser(TestOrangHRM.java:25)
at Action.TestOrangHRM.closeBrowser(TestOrangHRM.java:25)
at Action.TestOrangHRM.closeBrowser(TestOrangHRM.java:25)
at Action.TestOrangHRM.closeBrowser(TestOrangHRM.java:25)
at Action.TestOrangHRM.closeBrowser(TestOrangHRM.java:25)
at Action.TestOrangHRM.closeBrowser(TestOrangHRM.java:25)
at Action.TestOrangHRM.closeBrowser(TestOrangHRM.java:25)
at Action.TestOrangHRM.closeBrowser(TestOrangHRM.java:25)
at Action.TestOrangHRM.closeBrowser(TestOrangHRM.java:25)
at Action.TestOrangHRM.closeBrowser(TestOrangHRM.java:25)
at Action.TestOrangHRM.closeBrowser(TestOrangHRM.java:25)
at Action.TestOrangHRM.closeBrowser(TestOrangHRM.java:25)
at Action.TestOrangHRM.closeBrowser(TestOrangHRM.java:25)
at Action.TestOrangHRM.closeBrowser(TestOrangHRM.java:25)
at Action.TestOrangHRM.closeBrowser(TestOrangHRM.java:25)
at Action.TestOrangHRM.closeBrowser(TestOrangHRM.java:25)
at Action.TestOrangHRM.closeBrowser(TestOrangHRM.java:25)
at Action.TestOrangHRM.closeBrowser(TestOrangHRM.java:25)
at Action.TestOrangHRM.closeBrowser(TestOrangHRM.java:25)
at Action.TestOrangHRM.closeBrowser(TestOrangHRM.java:25)
at Action.TestOrangHRM.closeBrowser(TestOrangHRM.java:25)
at Action.TestOrangHRM.closeBrowser(TestOrangHRM.java:25)
at Action.TestOrangHRM.closeBrowser(TestOrangHRM.java:25)
at Action.TestOrangHRM.closeBrowser(TestOrangHRM.java:25)
at Action.TestOrangHRM.closeBrowser(TestOrangHRM.java:25)
at Action.TestOrangHRM.closeBrowser(TestOrangHRM.java:25)
at Action.TestOrangHRM.closeBrowser(TestOrangHRM.java:25)
at Action.TestOrangHRM.closeBrowser(TestOrangHRM.java:25)
at Action.TestOrangHRM.closeBrowser(TestOrangHRM.java:25)
at Action.TestOrangHRM.closeBrowser(TestOrangHRM.java:25)
at Action.TestOrangHRM.closeBrowser(TestOrangHRM.java:25)
at Action.TestOrangHRM.closeBrowser(TestOrangHRM.java:25)
at Action.TestOrangHRM.closeBrowser(TestOrangHRM.java:25)
at Action.TestOrangHRM.closeBrowser(TestOrangHRM.java:25)
at Action.TestOrangHRM.closeBrowser(TestOrangHRM.java:25)
at Action.TestOrangHRM.closeBrowser(TestOrangHRM.java:25)
at Action.TestOrangHRM.closeBrowser(TestOrangHRM.java:25)
at Action.TestOrangHRM.closeBrowser(TestOrangHRM.java:25)
at Action.TestOrangHRM.closeBrowser(TestOrangHRM.java:25)
at Action.TestOrangHRM.closeBrowser(TestOrangHRM.java:25)
at Action.TestOrangHRM.closeBrowser(TestOrangHRM.java:25)
at Action.TestOrangHRM.closeBrowser(TestOrangHRM.java:25)
at Action.TestOrangHRM.closeBrowser(TestOrangHRM.java:25)
at Action.TestOrangHRM.closeBrowser(TestOrangHRM.java:25)
at Action.TestOrangHRM.closeBrowser(TestOrangHRM.java:25)
at Action.TestOrangHRM.closeBrowser(TestOrangHRM.java:25)
at Action.TestOrangHRM.closeBrowser(TestOrangHRM.java:25)
at Action.TestOrangHRM.closeBrowser(TestOrangHRM.java:25)
at Action.TestOrangHRM.closeBrowser(TestOrangHRM.java:25)
at Action.TestOrangHRM.closeBrowser(TestOrangHRM.java:25)
at Action.TestOrangHRM.closeBrowser(TestOrangHRM.java:25)
at Action.TestOrangHRM.closeBrowser(TestOrangHRM.java:25)
at Action.TestOrangHRM.closeBrowser(TestOrangHRM.java:25)
at Action.TestOrangHRM.closeBrowser(TestOrangHRM.java:25)
at Action.TestOrangHRM.closeBrowser(TestOrangHRM.java:25)
at Action.TestOrangHRM.closeBrowser(TestOrangHRM.java:25)
at Action.TestOrangHRM.closeBrowser(TestOrangHRM.java:25)
at Action.TestOrangHRM.closeBrowser(TestOrangHRM.java:25)
at Action.TestOrangHRM.closeBrowser(TestOrangHRM.java:25)
at Action.TestOrangHRM.closeBrowser(TestOrangHRM.java:25)
at Action.TestOrangHRM.closeBrowser(TestOrangHRM.java:25)
at Action.TestOrangHRM.closeBrowser(TestOrangHRM.java:25)
at Action.TestOrangHRM.closeBrowser(TestOrangHRM.java:25)
at Action.TestOrangHRM.closeBrowser(TestOrangHRM.java:25)
at Action.TestOrangHRM.closeBrowser(TestOrangHRM.java:25)
at Action.TestOrangHRM.closeBrowser(TestOrangHRM.java:25)
at Action.TestOrangHRM.closeBrowser(TestOrangHRM.java:25)
at Action.TestOrangHRM.closeBrowser(TestOrangHRM.java:25)
at Action.TestOrangHRM.closeBrowser(TestOrangHRM.java:25)
at Action.TestOrangHRM.closeBrowser(TestOrangHRM.java:25)
at Action.TestOrangHRM.closeBrowser(TestOrangHRM.java:25)
at Action.TestOrangHRM.closeBrowser(TestOrangHRM.java:25)
at Action.TestOrangHRM.closeBrowser(TestOrangHRM.java:25)
at Action.TestOrangHRM.closeBrowser(TestOrangHRM.java:25)
at Action.TestOrangHRM.closeBrowser(TestOrangHRM.java:25)
at Action.TestOrangHRM.closeBrowser(TestOrangHRM.java:25)
at Action.TestOrangHRM.closeBrowser(TestOrangHRM.java:25)
at Action.TestOrangHRM.closeBrowser(TestOrangHRM.java:25)
at Action.TestOrangHRM.closeBrowser(TestOrangHRM.java:25)
at Action.TestOrangHRM.closeBrowser(TestOrangHRM.java:25)
at Action.TestOrangHRM.closeBrowser(TestOrangHRM.java:25)
at Action.TestOrangHRM.closeBrowser(TestOrangHRM.java:25)
at Action.TestOrangHRM.closeBrowser(TestOrangHRM.java:25)
at Action.TestOrangHRM.closeBrowser(TestOrangHRM.java:25)
at Action.TestOrangHRM.closeBrowser(TestOrangHRM.java:25)
at Action.TestOrangHRM.closeBrowser(TestOrangHRM.java:25)
at Action.TestOrangHRM.closeBrowser(TestOrangHRM.java:25)
at Action.TestOrangHRM.closeBrowser(TestOrangHRM.java:25)
at Action.TestOrangHRM.closeBrowser(TestOrangHRM.java:25)
at Action.TestOrangHRM.closeBrowser(TestOrangHRM.java:25)
at Action.TestOrangHRM.closeBrowser(TestOrangHRM.java:25)
at Action.TestOrangHRM.closeBrowser(TestOrangHRM.java:25)
at Action.TestOrangHRM.closeBrowser(TestOrangHRM.java:25)
at Action.TestOrangHRM.closeBrowser(TestOrangHRM.java:25)
at Action.TestOrangHRM.closeBrowser(TestOrangHRM.java:25)
at Action.TestOrangHRM.closeBrowser(TestOrangHRM.java:25)
at Action.TestOrangHRM.closeBrowser(TestOrangHRM.java:25)
at Action.TestOrangHRM.closeBrowser(TestOrangHRM.java:25)
at Action.TestOrangHRM.closeBrowser(TestOrangHRM.java:25)
at Action.TestOrangHRM.closeBrowser(TestOrangHRM.java:25)
at Action.TestOrangHRM.closeBrowser(TestOrangHRM.java:25)
at Action.TestOrangHRM.closeBrowser(TestOrangHRM.java:25)
at Action.TestOrangHRM.closeBrowser(TestOrangHRM.java:25)
at Action.TestOrangHRM.closeBrowser(TestOrangHRM.java:25)
at Action.TestOrangHRM.closeBrowser(TestOrangHRM.java:25)
at Action.TestOrangHRM.closeBrowser(TestOrangHRM.java:25)
at Action.TestOrangHRM.closeBrowser(TestOrangHRM.java:25)
at Action.TestOrangHRM.closeBrowser(TestOrangHRM.java:25)
at Action.TestOrangHRM.closeBrowser(TestOrangHRM.java:25)
at Action.TestOrangHRM.closeBrowser(TestOrangHRM.java:25)
at Action.TestOrangHRM.closeBrowser(TestOrangHRM.java:25)
at Action.TestOrangHRM.closeBrowser(TestOrangHRM.java:25)
at Action.TestOrangHRM.closeBrowser(TestOrangHRM.java:25)
at Action.TestOrangHRM.closeBrowser(TestOrangHRM.java:25)
at Action.TestOrangHRM.closeBrowser(TestOrangHRM.java:25)
at Action.TestOrangHRM.closeBrowser(TestOrangHRM.java:25)
at Action.TestOrangHRM.closeBrowser(TestOrangHRM.java:25)
at Action.TestOrangHRM.closeBrowser(TestOrangHRM.java:25)
at Action.TestOrangHRM.closeBrowser(TestOrangHRM.java:25)
at Action.TestOrangHRM.closeBrowser(TestOrangHRM.java:25)
at Action.TestOrangHRM.closeBrowser(TestOrangHRM.java:25)
at Action.TestOrangHRM.closeBrowser(TestOrangHRM.java:25)
at Action.TestOrangHRM.closeBrowser(TestOrangHRM.java:25)
at Action.TestOrangHRM.closeBrowser(TestOrangHRM.java:25)
at Action.TestOrangHRM.closeBrowser(TestOrangHRM.java:25)
at Action.TestOrangHRM.closeBrowser(TestOrangHRM.java:25)
at Action.TestOrangHRM.closeBrowser(TestOrangHRM.java:25)
at Action.TestOrangHRM.closeBrowser(TestOrangHRM.java:25)
at Action.TestOrangHRM.closeBrowser(TestOrangHRM.java:25)
at Action.TestOrangHRM.closeBrowser(TestOrangHRM.java:25)
at Action.TestOrangHRM.closeBrowser(TestOrangHRM.java:25)
at Action.TestOrangHRM.closeBrowser(TestOrangHRM.java:25)
at Action.TestOrangHRM.closeBrowser(TestOrangHRM.java:25)
at Action.TestOrangHRM.closeBrowser(TestOrangHRM.java:25)
at Action.TestOrangHRM.closeBrowser(TestOrangHRM.java:25)
at Action.TestOrangHRM.closeBrowser(TestOrangHRM.java:25)
at Action.TestOrangHRM.closeBrowser(TestOrangHRM.java:25)
at Action.TestOrangHRM.closeBrowser(TestOrangHRM.java:25)
at Action.TestOrangHRM.closeBrowser(TestOrangHRM.java:25)
at Action.TestOrangHRM.closeBrowser(TestOrangHRM.java:25)
at Action.TestOrangHRM.closeBrowser(TestOrangHRM.java:25)
at Action.TestOrangHRM.closeBrowser(TestOrangHRM.java:25)
at Action.TestOrangHRM.closeBrowser(TestOrangHRM.java:25)
at Action.TestOrangHRM.closeBrowser(TestOrangHRM.java:25)
at Action.TestOrangHRM.closeBrowser(TestOrangHRM.java:25)
at Action.TestOrangHRM.closeBrowser(TestOrangHRM.java:25)
at Action.TestOrangHRM.closeBrowser(TestOrangHRM.java:25)
at Action.TestOrangHRM.closeBrowser(TestOrangHRM.java:25)
at Action.TestOrangHRM.closeBrowser(TestOrangHRM.java:25)
at Action.TestOrangHRM.closeBrowser(TestOrangHRM.java:25)
at Action.TestOrangHRM.closeBrowser(TestOrangHRM.java:25)
at Action.TestOrangHRM.closeBrowser(TestOrangHRM.java:25)
at Action.TestOrangHRM.closeBrowser(TestOrangHRM.java:25)
at Action.TestOrangHRM.closeBrowser(TestOrangHRM.java:25)
at Action.TestOrangHRM.closeBrowser(TestOrangHRM.java:25)
at Action.TestOrangHRM.closeBrowser(TestOrangHRM.java:25)
at Action.TestOrangHRM.closeBrowser(TestOrangHRM.java:25)
at Action.TestOrangHRM.closeBrowser(TestOrangHRM.java:25)
at Action.TestOrangHRM.closeBrowser(TestOrangHRM.java:25)
at Action.TestOrangHRM.closeBrowser(TestOrangHRM.java:25)
at Action.TestOrangHRM.closeBrowser(TestOrangHRM.java:25)
at Action.TestOrangHRM.closeBrowser(TestOrangHRM.java:25)
at Action.TestOrangHRM.closeBrowser(TestOrangHRM.java:25)
at Action.TestOrangHRM.closeBrowser(TestOrangHRM.java:25)
at Action.TestOrangHRM.closeBrowser(TestOrangHRM.java:25)
at Action.TestOrangHRM.closeBrowser(TestOrangHRM.java:25)
at Action.TestOrangHRM.closeBrowser(TestOrangHRM.java:25)
at Action.TestOrangHRM.closeBrowser(TestOrangHRM.java:25)
at Action.TestOrangHRM.closeBrowser(TestOrangHRM.java:25)
at Action.TestOrangHRM.closeBrowser(TestOrangHRM.java:25)
at Action.TestOrangHRM.closeBrowser(TestOrangHRM.java:25)
at Action.TestOrangHRM.closeBrowser(TestOrangHRM.java:25)
at Action.TestOrangHRM.closeBrowser(TestOrangHRM.java:25)
at Action.TestOrangHRM.closeBrowser(TestOrangHRM.java:25)
at Action.TestOrangHRM.closeBrowser(TestOrangHRM.java:25)
at Action.TestOrangHRM.closeBrowser(TestOrangHRM.java:25)
at Action.TestOrangHRM.closeBrowser(TestOrangHRM.java:25)
at Action.TestOrangHRM.closeBrowser(TestOrangHRM.java:25)
at Action.TestOrangHRM.closeBrowser(TestOrangHRM.java:25)
at Action.TestOrangHRM.closeBrowser(TestOrangHRM.java:25)
at Action.TestOrangHRM.closeBrowser(TestOrangHRM.java:25)
at Action.TestOrangHRM.closeBrowser(TestOrangHRM.java:25)
at Action.TestOrangHRM.closeBrowser(TestOrangHRM.java:25)
at Action.TestOrangHRM.closeBrowser(TestOrangHRM.java:25)
at Action.TestOrangHRM.closeBrowser(TestOrangHRM.java:25)
at Action.TestOrangHRM.closeBrowser(TestOrangHRM.java:25)
at Action.TestOrangHRM.closeBrowser(TestOrangHRM.java:25)
at Action.TestOrangHRM.closeBrowser(TestOrangHRM.java:25)
at Action.TestOrangHRM.closeBrowser(TestOrangHRM.java:25)
at Action.TestOrangHRM.closeBrowser(TestOrangHRM.java:25)
at Action.TestOrangHRM.closeBrowser(TestOrangHRM.java:25)
at Action.TestOrangHRM.closeBrowser(TestOrangHRM.java:25)
at Action.TestOrangHRM.closeBrowser(TestOrangHRM.java:25)
at Action.TestOrangHRM.closeBrowser(TestOrangHRM.java:25)
at Action.TestOrangHRM.closeBrowser(TestOrangHRM.java:25)
at Action.TestOrangHRM.closeBrowser(TestOrangHRM.java:25)
at Action.TestOrangHRM.closeBrowser(TestOrangHRM.java:25)
at Action.TestOrangHRM.closeBrowser(TestOrangHRM.java:25)
at Action.TestOrangHRM.closeBrowser(TestOrangHRM.java:25)
at Action.TestOrangHRM.closeBrowser(TestOrangHRM.java:25)
at Action.TestOrangHRM.closeBrowser(TestOrangHRM.java:25)
at Action.TestOrangHRM.closeBrowser(TestOrangHRM.java:25)
at Action.TestOrangHRM.closeBrowser(TestOrangHRM.java:25)
at Action.TestOrangHRM.closeBrowser(TestOrangHRM.java:25)
at Action.TestOrangHRM.closeBrowser(TestOrangHRM.java:25)
at Action.TestOrangHRM.closeBrowser(TestOrangHRM.java:25)
at Action.TestOrangHRM.closeBrowser(TestOrangHRM.java:25)
at Action.TestOrangHRM.closeBrowser(TestOrangHRM.java:25)
at Action.TestOrangHRM.closeBrowser(TestOrangHRM.java:25)
at Action.TestOrangHRM.closeBrowser(TestOrangHRM.java:25)
at Action.TestOrangHRM.closeBrowser(TestOrangHRM.java:25)
at Action.TestOrangHRM.closeBrowser(TestOrangHRM.java:25)
at Action.TestOrangHRM.closeBrowser(TestOrangHRM.java:25)
at Action.TestOrangHRM.closeBrowser(TestOrangHRM.java:25)
at Action.TestOrangHRM.closeBrowser(TestOrangHRM.java:25)
at Action.TestOrangHRM.closeBrowser(TestOrangHRM.java:25)
at Action.TestOrangHRM.closeBrowser(TestOrangHRM.java:25)
at Action.TestOrangHRM.closeBrowser(TestOrangHRM.java:25)
at Action.TestOrangHRM.closeBrowser(TestOrangHRM.java:25)
at Action.TestOrangHRM.closeBrowser(TestOrangHRM.java:25)
at Action.TestOrangHRM.closeBrowser(TestOrangHRM.java:25)
at Action.TestOrangHRM.closeBrowser(TestOrangHRM.java:25)
at Action.TestOrangHRM.closeBrowser(TestOrangHRM.java:25)
at Action.TestOrangHRM.closeBrowser(TestOrangHRM.java:25)
at Action.TestOrangHRM.closeBrowser(TestOrangHRM.java:25)
at Action.TestOrangHRM.closeBrowser(TestOrangHRM.java:25)
at Action.TestOrangHRM.closeBrowser(TestOrangHRM.java:25)
at Action.TestOrangHRM.closeBrowser(TestOrangHRM.java:25)
at Action.TestOrangHRM.closeBrowser(TestOrangHRM.java:25)
at Action.TestOrangHRM.closeBrowser(TestOrangHRM.java:25)
at Action.TestOrangHRM.closeBrowser(TestOrangHRM.java:25)
at Action.TestOrangHRM.closeBrowser(TestOrangHRM.java:25)
at Action.TestOrangHRM.closeBrowser(TestOrangHRM.java:25)
at Action.TestOrangHRM.closeBrowser(TestOrangHRM.java:25)
at Action.TestOrangHRM.closeBrowser(TestOrangHRM.java:25)
at Action.TestOrangHRM.closeBrowser(TestOrangHRM.java:25)
at Action.TestOrangHRM.closeBrowser(TestOrangHRM.java:25)
at Action.TestOrangHRM.closeBrowser(TestOrangHRM.java:25)
at Action.TestOrangHRM.closeBrowser(TestOrangHRM.java:25)
at Action.TestOrangHRM.closeBrowser(TestOrangHRM.java:25)
at Action.TestOrangHRM.closeBrowser(TestOrangHRM.java:25)
at Action.TestOrangHRM.closeBrowser(TestOrangHRM.java:25)
at Action.TestOrangHRM.closeBrowser(TestOrangHRM.java:25)
at Action.TestOrangHRM.closeBrowser(TestOrangHRM.java:25)
at Action.TestOrangHRM.closeBrowser(TestOrangHRM.java:25)
at Action.TestOrangHRM.closeBrowser(TestOrangHRM.java:25)
at Action.TestOrangHRM.closeBrowser(TestOrangHRM.java:25)
at Action.TestOrangHRM.closeBrowser(TestOrangHRM.java:25)
at Action.TestOrangHRM.closeBrowser(TestOrangHRM.java:25)
at Action.TestOrangHRM.closeBrowser(TestOrangHRM.java:25)
at Action.TestOrangHRM.closeBrowser(TestOrangHRM.java:25)
at Action.TestOrangHRM.closeBrowser(TestOrangHRM.java:25)
at Action.TestOrangHRM.closeBrowser(TestOrangHRM.java:25)
at Action.TestOrangHRM.closeBrowser(TestOrangHRM.java:25)
at Action.TestOrangHRM.closeBrowser(TestOrangHRM.java:25)
at Action.TestOrangHRM.closeBrowser(TestOrangHRM.java:25)
at Action.TestOrangHRM.closeBrowser(TestOrangHRM.java:25)
at Action.TestOrangHRM.closeBrowser(TestOrangHRM.java:25)
at Action.TestOrangHRM.closeBrowser(TestOrangHRM.java:25)
at Action.TestOrangHRM.closeBrowser(TestOrangHRM.java:25)
at Action.TestOrangHRM.closeBrowser(TestOrangHRM.java:25)
at Action.TestOrangHRM.closeBrowser(TestOrangHRM.java:25)
at Action.TestOrangHRM.closeBrowser(TestOrangHRM.java:25)
at Action.TestOrangHRM.closeBrowser(TestOrangHRM.java:25)
at Action.TestOrangHRM.closeBrowser(TestOrangHRM.java:25)
at Action.TestOrangHRM.closeBrowser(TestOrangHRM.java:25)
at Action.TestOrangHRM.closeBrowser(TestOrangHRM.java:25)
at Action.TestOrangHRM.closeBrowser(TestOrangHRM.java:25)
at Action.TestOrangHRM.closeBrowser(TestOrangHRM.java:25)
at Action.TestOrangHRM.closeBrowser(TestOrangHRM.java:25)
at Action.TestOrangHRM.closeBrowser(TestOrangHRM.java:25)
at Action.TestOrangHRM.closeBrowser(TestOrangHRM.java:25)
at Action.TestOrangHRM.closeBrowser(TestOrangHRM.java:25)
at Action.TestOrangHRM.closeBrowser(TestOrangHRM.java:25)
at Action.TestOrangHRM.closeBrowser(TestOrangHRM.java:25)
at Action.TestOrangHRM.closeBrowser(TestOrangHRM.java:25)
at Action.TestOrangHRM.closeBrowser(TestOrangHRM.java:25)
at Action.TestOrangHRM.closeBrowser(TestOrangHRM.java:25)
at Action.TestOrangHRM.closeBrowser(TestOrangHRM.java:25)
at Action.TestOrangHRM.closeBrowser(TestOrangHRM.java:25)
at Action.TestOrangHRM.closeBrowser(TestOrangHRM.java:25)
at Action.TestOrangHRM.closeBrowser(TestOrangHRM.java:25)
at Action.TestOrangHRM.closeBrowser(TestOrangHRM.java:25)
at Action.TestOrangHRM.closeBrowser(TestOrangHRM.java:25)
at Action.TestOrangHRM.closeBrowser(TestOrangHRM.java:25)
at Action.TestOrangHRM.closeBrowser(TestOrangHRM.java:25)
at Action.TestOrangHRM.closeBrowser(TestOrangHRM.java:25)
at Action.TestOrangHRM.closeBrowser(TestOrangHRM.java:25)
at Action.TestOrangHRM.closeBrowser(TestOrangHRM.java:25)
at Action.TestOrangHRM.closeBrowser(TestOrangHRM.java:25)
at Action.TestOrangHRM.closeBrowser(TestOrangHRM.java:25)
at Action.TestOrangHRM.closeBrowser(TestOrangHRM.java:25)
at Action.TestOrangHRM.closeBrowser(TestOrangHRM.java:25)
at Action.TestOrangHRM.closeBrowser(TestOrangHRM.java:25)
at Action.TestOrangHRM.closeBrowser(TestOrangHRM.java:25)
at Action.TestOrangHRM.closeBrowser(TestOrangHRM.java:25)
at Action.TestOrangHRM.closeBrowser(TestOrangHRM.java:25)
at Action.TestOrangHRM.closeBrowser(TestOrangHRM.java:25)
at Action.TestOrangHRM.closeBrowser(TestOrangHRM.java:25)
at Action.TestOrangHRM.closeBrowser(TestOrangHRM.java:25)
at Action.TestOrangHRM.closeBrowser(TestOrangHRM.java:25)
at Action.TestOrangHRM.closeBrowser(TestOrangHRM.java:25)
at Action.TestOrangHRM.closeBrowser(TestOrangHRM.java:25)
at Action.TestOrangHRM.closeBrowser(TestOrangHRM.java:25)
at Action.TestOrangHRM.closeBrowser(TestOrangHRM.java:25)
at Action.TestOrangHRM.closeBrowser(TestOrangHRM.java:25)
at Action.TestOrangHRM.closeBrowser(TestOrangHRM.java:25)
at Action.TestOrangHRM.closeBrowser(TestOrangHRM.java:25)
at Action.TestOrangHRM.closeBrowser(TestOrangHRM.java:25)
at Action.TestOrangHRM.closeBrowser(TestOrangHRM.java:25)
at Action.TestOrangHRM.closeBrowser(TestOrangHRM.java:25)
at Action.TestOrangHRM.closeBrowser(TestOrangHRM.java:25)
at Action.TestOrangHRM.closeBrowser(TestOrangHRM.java:25)
at Action.TestOrangHRM.closeBrowser(TestOrangHRM.java:25)
at Action.TestOrangHRM.closeBrowser(TestOrangHRM.java:25)
at Action.TestOrangHRM.closeBrowser(TestOrangHRM.java:25)
at Action.TestOrangHRM.closeBrowser(TestOrangHRM.java:25)
at Action.TestOrangHRM.closeBrowser(TestOrangHRM.java:25)
at Action.TestOrangHRM.closeBrowser(TestOrangHRM.java:25)
at Action.TestOrangHRM.closeBrowser(TestOrangHRM.java:25)
at Action.TestOrangHRM.closeBrowser(TestOrangHRM.java:25)
at Action.TestOrangHRM.closeBrowser(TestOrangHRM.java:25)
at Action.TestOrangHRM.closeBrowser(TestOrangHRM.java:25)
at Action.TestOrangHRM.closeBrowser(TestOrangHRM.java:25)
at Action.TestOrangHRM.closeBrowser(TestOrangHRM.java:25)
at Action.TestOrangHRM.closeBrowser(TestOrangHRM.java:25)
at Action.TestOrangHRM.closeBrowser(TestOrangHRM.java:25)
at Action.TestOrangHRM.closeBrowser(TestOrangHRM.java:25)
at Action.TestOrangHRM.closeBrowser(TestOrangHRM.java:25)
at Action.TestOrangHRM.closeBrowser(TestOrangHRM.java:25)
at Action.TestOrangHRM.closeBrowser(TestOrangHRM.java:25)
at Action.TestOrangHRM.closeBrowser(TestOrangHRM.java:25)
at Action.TestOrangHRM.closeBrowser(TestOrangHRM.java:25)
at Action.TestOrangHRM.closeBrowser(TestOrangHRM.java:25)
at Action.TestOrangHRM.closeBrowser(TestOrangHRM.java:25)
at Action.TestOrangHRM.closeBrowser(TestOrangHRM.java:25)
at Action.TestOrangHRM.closeBrowser(TestOrangHRM.java:25)
at Action.TestOrangHRM.closeBrowser(TestOrangHRM.java:25)
at Action.TestOrangHRM.closeBrowser(TestOrangHRM.java:25)
at Action.TestOrangHRM.closeBrowser(TestOrangHRM.java:25)
at Action.TestOrangHRM.closeBrowser(TestOrangHRM.java:25)
at Action.TestOrangHRM.closeBrowser(TestOrangHRM.java:25)
at Action.TestOrangHRM.closeBrowser(TestOrangHRM.java:25)
at Action.TestOrangHRM.closeBrowser(TestOrangHRM.java:25)
at Action.TestOrangHRM.closeBrowser(TestOrangHRM.java:25)
at Action.TestOrangHRM.closeBrowser(TestOrangHRM.java:25)
at Action.TestOrangHRM.closeBrowser(TestOrangHRM.java:25)
at Action.TestOrangHRM.closeBrowser(TestOrangHRM.java:25)
at Action.TestOrangHRM.closeBrowser(TestOrangHRM.java:25)
at Action.TestOrangHRM.closeBrowser(TestOrangHRM.java:25)
at Action.TestOrangHRM.closeBrowser(TestOrangHRM.java:25)
at Action.TestOrangHRM.closeBrowser(TestOrangHRM.java:25)
at Action.TestOrangHRM.closeBrowser(TestOrangHRM.java:25)
at Action.TestOrangHRM.closeBrowser(TestOrangHRM.java:25)
at Action.TestOrangHRM.closeBrowser(TestOrangHRM.java:25)
at Action.TestOrangHRM.closeBrowser(TestOrangHRM.java:25)
at Action.TestOrangHRM.closeBrowser(TestOrangHRM.java:25)
at Action.TestOrangHRM.closeBrowser(TestOrangHRM.java:25)
at Action.TestOrangHRM.closeBrowser(TestOrangHRM.java:25)
at Action.TestOrangHRM.closeBrowser(TestOrangHRM.java:25)
at Action.TestOrangHRM.closeBrowser(TestOrangHRM.java:25)
at Action.TestOrangHRM.closeBrowser(TestOrangHRM.java:25)
at Action.TestOrangHRM.closeBrowser(TestOrangHRM.java:25)
at Action.TestOrangHRM.closeBrowser(TestOrangHRM.java:25)
at Action.TestOrangHRM.closeBrowser(TestOrangHRM.java:25)
at Action.TestOrangHRM.closeBrowser(TestOrangHRM.java:25)
at Action.TestOrangHRM.closeBrowser(TestOrangHRM.java:25)
at Action.TestOrangHRM.closeBrowser(TestOrangHRM.java:25)
at Action.TestOrangHRM.closeBrowser(TestOrangHRM.java:25)
at Action.TestOrangHRM.closeBrowser(TestOrangHRM.java:25)
at Action.TestOrangHRM.closeBrowser(TestOrangHRM.java:25)
at Action.TestOrangHRM.closeBrowser(TestOrangHRM.java:25)
at Action.TestOrangHRM.closeBrowser(TestOrangHRM.java:25)
at Action.TestOrangHRM.closeBrowser(TestOrangHRM.java:25)
at Action.TestOrangHRM.closeBrowser(TestOrangHRM.java:25)
at Action.TestOrangHRM.closeBrowser(TestOrangHRM.java:25)
at Action.TestOrangHRM.closeBrowser(TestOrangHRM.java:25)
at Action.TestOrangHRM.closeBrowser(TestOrangHRM.java:25)
at Action.TestOrangHRM.closeBrowser(TestOrangHRM.java:25)
at Action.TestOrangHRM.closeBrowser(TestOrangHRM.java:25)
at Action.TestOrangHRM.closeBrowser(TestOrangHRM.java:25)
at Action.TestOrangHRM.closeBrowser(TestOrangHRM.java:25)
at Action.TestOrangHRM.closeBrowser(TestOrangHRM.java:25)
at Action.TestOrangHRM.closeBrowser(TestOrangHRM.java:25)
at Action.TestOrangHRM.closeBrowser(TestOrangHRM.java:25)
at Action.TestOrangHRM.closeBrowser(TestOrangHRM.java:25)
at Action.TestOrangHRM.closeBrowser(TestOrangHRM.java:25)
at Action.TestOrangHRM.closeBrowser(TestOrangHRM.java:25)
at Action.TestOrangHRM.closeBrowser(TestOrangHRM.java:25)
at Action.TestOrangHRM.closeBrowser(TestOrangHRM.java:25)
at Action.TestOrangHRM.closeBrowser(TestOrangHRM.java:25)
at Action.TestOrangHRM.closeBrowser(TestOrangHRM.java:25)
at Action.TestOrangHRM.closeBrowser(TestOrangHRM.java:25)
at Action.TestOrangHRM.closeBrowser(TestOrangHRM.java:25)
at Action.TestOrangHRM.closeBrowser(TestOrangHRM.java:25)
at Action.TestOrangHRM.closeBrowser(TestOrangHRM.java:25)
at Action.TestOrangHRM.closeBrowser(TestOrangHRM.java:25)
at Action.TestOrangHRM.closeBrowser(TestOrangHRM.java:25)
at Action.TestOrangHRM.closeBrowser(TestOrangHRM.java:25)
at Action.TestOrangHRM.closeBrowser(TestOrangHRM.java:25)
at Action.TestOrangHRM.closeBrowser(TestOrangHRM.java:25)
at Action.TestOrangHRM.closeBrowser(TestOrangHRM.java:25)
at Action.TestOrangHRM.closeBrowser(TestOrangHRM.java:25)
at Action.TestOrangHRM.closeBrowser(TestOrangHRM.java:25)
at Action.TestOrangHRM.closeBrowser(TestOrangHRM.java:25)
at Action.TestOrangHRM.closeBrowser(TestOrangHRM.java:25)
at Action.TestOrangHRM.closeBrowser(TestOrangHRM.java:25)
at Action.TestOrangHRM.closeBrowser(TestOrangHRM.java:25)
at Action.TestOrangHRM.closeBrowser(TestOrangHRM.java:25)
at Action.TestOrangHRM.closeBrowser(TestOrangHRM.java:25)
at Action.TestOrangHRM.closeBrowser(TestOrangHRM.java:25)
at Action.TestOrangHRM.closeBrowser(TestOrangHRM.java:25)
at Action.TestOrangHRM.closeBrowser(TestOrangHRM.java:25)
at Action.TestOrangHRM.closeBrowser(TestOrangHRM.java:25)
at Action.TestOrangHRM.closeBrowser(TestOrangHRM.java:25)
at Action.TestOrangHRM.closeBrowser(TestOrangHRM.java:25)
at Action.TestOrangHRM.closeBrowser(TestOrangHRM.java:25)
at Action.TestOrangHRM.closeBrowser(TestOrangHRM.java:25)
at Action.TestOrangHRM.closeBrowser(TestOrangHRM.java:25)
at Action.TestOrangHRM.closeBrowser(TestOrangHRM.java:25)
at Action.TestOrangHRM.closeBrowser(TestOrangHRM.java:25)
at Action.TestOrangHRM.closeBrowser(TestOrangHRM.java:25)
at Action.TestOrangHRM.closeBrowser(TestOrangHRM.java:25)
at Action.TestOrangHRM.closeBrowser(TestOrangHRM.java:25)
at Action.TestOrangHRM.closeBrowser(TestOrangHRM.java:25)
at Action.TestOrangHRM.closeBrowser(TestOrangHRM.java:25)
at Action.TestOrangHRM.closeBrowser(TestOrangHRM.java:25)
at Action.TestOrangHRM.closeBrowser(TestOrangHRM.java:25)
at Action.TestOrangHRM.closeBrowser(TestOrangHRM.java:25)
at Action.TestOrangHRM.closeBrowser(TestOrangHRM.java:25)
at Action.TestOrangHRM.closeBrowser(TestOrangHRM.java:25)
at Action.TestOrangHRM.closeBrowser(TestOrangHRM.java:25)
at Action.TestOrangHRM.closeBrowser(TestOrangHRM.java:25)
at Action.TestOrangHRM.closeBrowser(TestOrangHRM.java:25)
at Action.TestOrangHRM.closeBrowser(TestOrangHRM.java:25)
at Action.TestOrangHRM.closeBrowser(TestOrangHRM.java:25)
at Action.TestOrangHRM.closeBrowser(TestOrangHRM.java:25)
at Action.TestOrangHRM.closeBrowser(TestOrangHRM.java:25)
at Action.TestOrangHRM.closeBrowser(TestOrangHRM.java:25)
at Action.TestOrangHRM.closeBrowser(TestOrangHRM.java:25)
at Action.TestOrangHRM.closeBrowser(TestOrangHRM.java:25)
at Action.TestOrangHRM.closeBrowser(TestOrangHRM.java:25)
at Action.TestOrangHRM.closeBrowser(TestOrangHRM.java:25)
at Action.TestOrangHRM.closeBrowser(TestOrangHRM.java:25)
at Action.TestOrangHRM.closeBrowser(TestOrangHRM.java:25)
at Action.TestOrangHRM.closeBrowser(TestOrangHRM.java:25)
at Action.TestOrangHRM.closeBrowser(TestOrangHRM.java:25)
at Action.TestOrangHRM.closeBrowser(TestOrangHRM.java:25)
at Action.TestOrangHRM.closeBrowser(TestOrangHRM.java:25)
at Action.TestOrangHRM.closeBrowser(TestOrangHRM.java:25)
at Action.TestOrangHRM.closeBrowser(TestOrangHRM.java:25)
at Action.TestOrangHRM.closeBrowser(TestOrangHRM.java:25)
at Action.TestOrangHRM.closeBrowser(TestOrangHRM.java:25)
at Action.TestOrangHRM.closeBrowser(TestOrangHRM.java:25)
at Action.TestOrangHRM.closeBrowser(TestOrangHRM.java:25)
at Action.TestOrangHRM.closeBrowser(TestOrangHRM.java:25)
at Action.TestOrangHRM.closeBrowser(TestOrangHRM.java:25)
at Action.TestOrangHRM.closeBrowser(TestOrangHRM.java:25)
at Action.TestOrangHRM.closeBrowser(TestOrangHRM.java:25)
at Action.TestOrangHRM.closeBrowser(TestOrangHRM.java:25)
at Action.TestOrangHRM.closeBrowser(TestOrangHRM.java:25)
at Action.TestOrangHRM.closeBrowser(TestOrangHRM.java:25)
at Action.TestOrangHRM.closeBrowser(TestOrangHRM.java:25)
at Action.TestOrangHRM.closeBrowser(TestOrangHRM.java:25)
at Action.TestOrangHRM.closeBrowser(TestOrangHRM.java:25)
at Action.TestOrangHRM.closeBrowser(TestOrangHRM.java:25)
at Action.TestOrangHRM.closeBrowser(TestOrangHRM.java:25)
at Action.TestOrangHRM.closeBrowser(TestOrangHRM.java:25)
at Action.TestOrangHRM.closeBrowser(TestOrangHRM.java:25)
at Action.TestOrangHRM.closeBrowser(TestOrangHRM.java:25)
at Action.TestOrangHRM.closeBrowser(TestOrangHRM.java:25)
at Action.TestOrangHRM.closeBrowser(TestOrangHRM.java:25)
at Action.TestOrangHRM.closeBrowser(TestOrangHRM.java:25)
at Action.TestOrangHRM.closeBrowser(TestOrangHRM.java:25)
at Action.TestOrangHRM.closeBrowser(TestOrangHRM.java:25)
at Action.TestOrangHRM.closeBrowser(TestOrangHRM.java:25)
at Action.TestOrangHRM.closeBrowser(TestOrangHRM.java:25)
at Action.TestOrangHRM.closeBrowser(TestOrangHRM.java:25)
at Action.TestOrangHRM.closeBrowser(TestOrangHRM.java:25)
at Action.TestOrangHRM.closeBrowser(TestOrangHRM.java:25)
at Action.TestOrangHRM.closeBrowser(TestOrangHRM.java:25)
at Action.TestOrangHRM.closeBrowser(TestOrangHRM.java:25)
at Action.TestOrangHRM.closeBrowser(TestOrangHRM.java:25)
at Action.TestOrangHRM.closeBrowser(TestOrangHRM.java:25)
at Action.TestOrangHRM.closeBrowser(TestOrangHRM.java:25)
at Action.TestOrangHRM.closeBrowser(TestOrangHRM.java:25)
at Action.TestOrangHRM.closeBrowser(TestOrangHRM.java:25)
at Action.TestOrangHRM.closeBrowser(TestOrangHRM.java:25)
at Action.TestOrangHRM.closeBrowser(TestOrangHRM.java:25)
at Action.TestOrangHRM.closeBrowser(TestOrangHRM.java:25)
at Action.TestOrangHRM.closeBrowser(TestOrangHRM.java:25)
at Action.TestOrangHRM.closeBrowser(TestOrangHRM.java:25)
at Action.TestOrangHRM.closeBrowser(TestOrangHRM.java:25)
at Action.TestOrangHRM.closeBrowser(TestOrangHRM.java:25)
at Action.TestOrangHRM.closeBrowser(TestOrangHRM.java:25)
at Action.TestOrangHRM.closeBrowser(TestOrangHRM.java:25)
at Action.TestOrangHRM.closeBrowser(TestOrangHRM.java:25)
at Action.TestOrangHRM.closeBrowser(TestOrangHRM.java:25)
at Action.TestOrangHRM.closeBrowser(TestOrangHRM.java:25)
at Action.TestOrangHRM.closeBrowser(TestOrangHRM.java:25)
at Action.TestOrangHRM.closeBrowser(TestOrangHRM.java:25)
at Action.TestOrangHRM.closeBrowser(TestOrangHRM.java:25)
at Action.TestOrangHRM.closeBrowser(TestOrangHRM.java:25)
at Action.TestOrangHRM.closeBrowser(TestOrangHRM.java:25)
at Action.TestOrangHRM.closeBrowser(TestOrangHRM.java:25)
at Action.TestOrangHRM.closeBrowser(TestOrangHRM.java:25)
at Action.TestOrangHRM.closeBrowser(TestOrangHRM.java:25)
at Action.TestOrangHRM.closeBrowser(TestOrangHRM.java:25)
at Action.TestOrangHRM.closeBrowser(TestOrangHRM.java:25)
at Action.TestOrangHRM.closeBrowser(TestOrangHRM.java:25)
at Action.TestOrangHRM.closeBrowser(TestOrangHRM.java:25)
at Action.TestOrangHRM.closeBrowser(TestOrangHRM.java:25)
at Action.TestOrangHRM.closeBrowser(TestOrangHRM.java:25)
at Action.TestOrangHRM.closeBrowser(TestOrangHRM.java:25)
at Action.TestOrangHRM.closeBrowser(TestOrangHRM.java:25)
at Action.TestOrangHRM.closeBrowser(TestOrangHRM.java:25)
at Action.TestOrangHRM.closeBrowser(TestOrangHRM.java:25)
at Action.TestOrangHRM.closeBrowser(TestOrangHRM.java:25)
at Action.TestOrangHRM.closeBrowser(TestOrangHRM.java:25)
at Action.TestOrangHRM.closeBrowser(TestOrangHRM.java:25)
at Action.TestOrangHRM.closeBrowser(TestOrangHRM.java:25)
at Action.TestOrangHRM.closeBrowser(TestOrangHRM.java:25)
at Action.TestOrangHRM.closeBrowser(TestOrangHRM.java:25)
at Action.TestOrangHRM.closeBrowser(TestOrangHRM.java:25)
at Action.TestOrangHRM.closeBrowser(TestOrangHRM.java:25)
at Action.TestOrangHRM.closeBrowser(TestOrangHRM.java:25)
at Action.TestOrangHRM.closeBrowser(TestOrangHRM.java:25)
at Action.TestOrangHRM.closeBrowser(TestOrangHRM.java:25)
at Action.TestOrangHRM.closeBrowser(TestOrangHRM.java:25)
at Action.TestOrangHRM.closeBrowser(TestOrangHRM.java:25)
at Action.TestOrangHRM.closeBrowser(TestOrangHRM.java:25)
at Action.TestOrangHRM.closeBrowser(TestOrangHRM.java:25)
at Action.TestOrangHRM.closeBrowser(TestOrangHRM.java:25)
at Action.TestOrangHRM.closeBrowser(TestOrangHRM.java:25)
at Action.TestOrangHRM.closeBrowser(TestOrangHRM.java:25)
at Action.TestOrangHRM.closeBrowser(TestOrangHRM.java:25)
at Action.TestOrangHRM.closeBrowser(TestOrangHRM.java:25)
at Action.TestOrangHRM.closeBrowser(TestOrangHRM.java:25)
at Action.TestOrangHRM.closeBrowser(TestOrangHRM.java:25)
at Action.TestOrangHRM.closeBrowser(TestOrangHRM.java:25)
at Action.TestOrangHRM.closeBrowser(TestOrangHRM.java:25)
at Action.TestOrangHRM.closeBrowser(TestOrangHRM.java:25)
at Action.TestOrangHRM.closeBrowser(TestOrangHRM.java:25)
at Action.TestOrangHRM.closeBrowser(TestOrangHRM.java:25)
at Action.TestOrangHRM.closeBrowser(TestOrangHRM.java:25)
at Action.TestOrangHRM.closeBrowser(TestOrangHRM.java:25)
at Action.TestOrangHRM.closeBrowser(TestOrangHRM.java:25)
at Action.TestOrangHRM.closeBrowser(TestOrangHRM.java:25)
at Action.TestOrangHRM.closeBrowser(TestOrangHRM.java:25)
at Action.TestOrangHRM.closeBrowser(TestOrangHRM.java:25)
at Action.TestOrangHRM.closeBrowser(TestOrangHRM.java:25)
at Action.TestOrangHRM.closeBrowser(TestOrangHRM.java:25)
at Action.TestOrangHRM.closeBrowser(TestOrangHRM.java:25)
at Action.TestOrangHRM.closeBrowser(TestOrangHRM.java:25)
at Action.TestOrangHRM.closeBrowser(TestOrangHRM.java:25)
at Action.TestOrangHRM.closeBrowser(TestOrangHRM.java:25)
at Action.TestOrangHRM.closeBrowser(TestOrangHRM.java:25)
at Action.TestOrangHRM.closeBrowser(TestOrangHRM.java:25)
at Action.TestOrangHRM.closeBrowser(TestOrangHRM.java:25)
at Action.TestOrangHRM.closeBrowser(TestOrangHRM.java:25)
at Action.TestOrangHRM.closeBrowser(TestOrangHRM.java:25)
at Action.TestOrangHRM.closeBrowser(TestOrangHRM.java:25)
at Action.TestOrangHRM.closeBrowser(TestOrangHRM.java:25)
at Action.TestOrangHRM.closeBrowser(TestOrangHRM.java:25)
at Action.TestOrangHRM.closeBrowser(TestOrangHRM.java:25)
at Action.TestOrangHRM.closeBrowser(TestOrangHRM.java:25)
at Action.TestOrangHRM.closeBrowser(TestOrangHRM.java:25)
at Action.TestOrangHRM.closeBrowser(TestOrangHRM.java:25)
at Action.TestOrangHRM.closeBrowser(TestOrangHRM.java:25)
at Action.TestOrangHRM.closeBrowser(TestOrangHRM.java:25)
at Action.TestOrangHRM.closeBrowser(TestOrangHRM.java:25)
at Action.TestOrangHRM.closeBrowser(TestOrangHRM.java:25)
at Action.TestOrangHRM.closeBrowser(TestOrangHRM.java:25)
at Action.TestOrangHRM.closeBrowser(TestOrangHRM.java:25)
at Action.TestOrangHRM.closeBrowser(TestOrangHRM.java:25)
at Action.TestOrangHRM.closeBrowser(TestOrangHRM.java:25)
at Action.TestOrangHRM.closeBrowser(TestOrangHRM.java:25)
at Action.TestOrangHRM.closeBrowser(TestOrangHRM.java:25)
at Action.TestOrangHRM.closeBrowser(TestOrangHRM.java:25)
at Action.TestOrangHRM.closeBrowser(TestOrangHRM.java:25)
at Action.TestOrangHRM.closeBrowser(TestOrangHRM.java:25)
at Action.TestOrangHRM.closeBrowser(TestOrangHRM.java:25)
at Action.TestOrangHRM.closeBrowser(TestOrangHRM.java:25)
at Action.TestOrangHRM.closeBrowser(TestOrangHRM.java:25)
at Action.TestOrangHRM.closeBrowser(TestOrangHRM.java:25)
at Action.TestOrangHRM.closeBrowser(TestOrangHRM.java:25)
at Action.TestOrangHRM.closeBrowser(TestOrangHRM.java:25)
at Action.TestOrangHRM.closeBrowser(TestOrangHRM.java:25)
at Action.TestOrangHRM.closeBrowser(TestOrangHRM.java:25)
at Action.TestOrangHRM.closeBrowser(TestOrangHRM.java:25)
at Action.TestOrangHRM.closeBrowser(TestOrangHRM.java:25)
at Action.TestOrangHRM.closeBrowser(TestOrangHRM.java:25)
at Action.TestOrangHRM.closeBrowser(TestOrangHRM.java:25)
at Action.TestOrangHRM.closeBrowser(TestOrangHRM.java:25)
at Action.TestOrangHRM.closeBrowser(TestOrangHRM.java:25)
at Action.TestOrangHRM.closeBrowser(TestOrangHRM.java:25)
at Action.TestOrangHRM.closeBrowser(TestOrangHRM.java:25)
at Action.TestOrangHRM.closeBrowser(TestOrangHRM.java:25)
at Action.TestOrangHRM.closeBrowser(TestOrangHRM.java:25)
at Action.TestOrangHRM.closeBrowser(TestOrangHRM.java:25)
at Action.TestOrangHRM.closeBrowser(TestOrangHRM.java:25)
at Action.TestOrangHRM.closeBrowser(TestOrangHRM.java:25)
at Action.TestOrangHRM.closeBrowser(TestOrangHRM.java:25)
at Action.TestOrangHRM.closeBrowser(TestOrangHRM.java:25)
at Action.TestOrangHRM.closeBrowser(TestOrangHRM.java:25)
at Action.TestOrangHRM.closeBrowser(TestOrangHRM.java:25)
at Action.TestOrangHRM.closeBrowser(TestOrangHRM.java:25)
at Action.TestOrangHRM.closeBrowser(TestOrangHRM.java:25)
at Action.TestOrangHRM.closeBrowser(TestOrangHRM.java:25)
at Action.TestOrangHRM.closeBrowser(TestOrangHRM.java:25)
at Action.TestOrangHRM.closeBrowser(TestOrangHRM.java:25)
at Action.TestOrangHRM.closeBrowser(TestOrangHRM.java:25)
at Action.TestOrangHRM.closeBrowser(TestOrangHRM.java:25)
at Action.TestOrangHRM.closeBrowser(TestOrangHRM.java:25)
at Action.TestOrangHRM.closeBrowser(TestOrangHRM.java:25)
at Action.TestOrangHRM.closeBrowser(TestOrangHRM.java:25)
at Action.TestOrangHRM.closeBrowser(TestOrangHRM.java:25)
at Action.TestOrangHRM.closeBrowser(TestOrangHRM.java:25)
at Action.TestOrangHRM.closeBrowser(TestOrangHRM.java:25)
at Action.TestOrangHRM.closeBrowser(TestOrangHRM.java:25)
at Action.TestOrangHRM.closeBrowser(TestOrangHRM.java:25)
at Action.TestOrangHRM.closeBrowser(TestOrangHRM.java:25)
at Action.TestOrangHRM.closeBrowser(TestOrangHRM.java:25)
at Action.TestOrangHRM.closeBrowser(TestOrangHRM.java:25)
at Action.TestOrangHRM.closeBrowser(TestOrangHRM.java:25)
at Action.TestOrangHRM.closeBrowser(TestOrangHRM.java:25)
at Action.TestOrangHRM.closeBrowser(TestOrangHRM.java:25)
at Action.TestOrangHRM.closeBrowser(TestOrangHRM.java:25)
at Action.TestOrangHRM.closeBrowser(TestOrangHRM.java:25)
at Action.TestOrangHRM.closeBrowser(TestOrangHRM.java:25)
at Action.TestOrangHRM.closeBrowser(TestOrangHRM.java:25)
at Action.TestOrangHRM.closeBrowser(TestOrangHRM.java:25)
at Action.TestOrangHRM.closeBrowser(TestOrangHRM.java:25)
at Action.TestOrangHRM.closeBrowser(TestOrangHRM.java:25)
at Action.TestOrangHRM.closeBrowser(TestOrangHRM.java:25)
at Action.TestOrangHRM.closeBrowser(TestOrangHRM.java:25)
at Action.TestOrangHRM.closeBrowser(TestOrangHRM.java:25)
at Action.TestOrangHRM.closeBrowser(TestOrangHRM.java:25)
at Action.TestOrangHRM.closeBrowser(TestOrangHRM.java:25)
at Action.TestOrangHRM.closeBrowser(TestOrangHRM.java:25)
at Action.TestOrangHRM.closeBrowser(TestOrangHRM.java:25)
at Action.TestOrangHRM.closeBrowser(TestOrangHRM.java:25)
at Action.TestOrangHRM.closeBrowser(TestOrangHRM.java:25)
at Action.TestOrangHRM.closeBrowser(TestOrangHRM.java:25)
at Action.TestOrangHRM.closeBrowser(TestOrangHRM.java:25)
at Action.TestOrangHRM.closeBrowser(TestOrangHRM.java:25)
at Action.TestOrangHRM.closeBrowser(TestOrangHRM.java:25)
at Action.TestOrangHRM.closeBrowser(TestOrangHRM.java:25)
at Action.TestOrangHRM.closeBrowser(TestOrangHRM.java:25)
at Action.TestOrangHRM.closeBrowser(TestOrangHRM.java:25)
at Action.TestOrangHRM.closeBrowser(TestOrangHRM.java:25)
at Action.TestOrangHRM.closeBrowser(TestOrangHRM.java:25)
at Action.TestOrangHRM.closeBrowser(TestOrangHRM.java:25)
at Action.TestOrangHRM.closeBrowser(TestOrangHRM.java:25)
at Action.TestOrangHRM.closeBrowser(TestOrangHRM.java:25)
at Action.TestOrangHRM.closeBrowser(TestOrangHRM.java:25)
at Action.TestOrangHRM.closeBrowser(TestOrangHRM.java:25)
at Action.TestOrangHRM.closeBrowser(TestOrangHRM.java:25)
at Action.TestOrangHRM.closeBrowser(TestOrangHRM.java:25)
at Action.TestOrangHRM.closeBrowser(TestOrangHRM.java:25)
at Action.TestOrangHRM.closeBrowser(TestOrangHRM.java:25)
at Action.TestOrangHRM.closeBrowser(TestOrangHRM.java:25)
at Action.TestOrangHRM.closeBrowser(TestOrangHRM.java:25)
at Action.TestOrangHRM.closeBrowser(TestOrangHRM.java:25)
at Action.TestOrangHRM.closeBrowser(TestOrangHRM.java:25)
at Action.TestOrangHRM.closeBrowser(TestOrangHRM.java:25)
at Action.TestOrangHRM.closeBrowser(TestOrangHRM.java:25)
at Action.TestOrangHRM.closeBrowser(TestOrangHRM.java:25)
at Action.TestOrangHRM.closeBrowser(TestOrangHRM.java:25)
at Action.TestOrangHRM.closeBrowser(TestOrangHRM.java:25)
at Action.TestOrangHRM.closeBrowser(TestOrangHRM.java:25)
at Action.TestOrangHRM.closeBrowser(TestOrangHRM.java:25)
at Action.TestOrangHRM.closeBrowser(TestOrangHRM.java:25)
at Action.TestOrangHRM.closeBrowser(TestOrangHRM.java:25)
at Action.TestOrangHRM.closeBrowser(TestOrangHRM.java:25)
at Action.TestOrangHRM.closeBrowser(TestOrangHRM.java:25)
at Action.TestOrangHRM.closeBrowser(TestOrangHRM.java:25)
at Action.TestOrangHRM.closeBrowser(TestOrangHRM.java:25)
at Action.TestOrangHRM.closeBrowser(TestOrangHRM.java:25)
at Action.TestOrangHRM.closeBrowser(TestOrangHRM.java:25)
at Action.TestOrangHRM.closeBrowser(TestOrangHRM.java:25)
at Action.TestOrangHRM.closeBrowser(TestOrangHRM.java:25)
at Action.TestOrangHRM.closeBrowser(TestOrangHRM.java:25)
at Action.TestOrangHRM.closeBrowser(TestOrangHRM.java:25)
at Action.TestOrangHRM.closeBrowser(TestOrangHRM.java:25)
at Action.TestOrangHRM.closeBrowser(TestOrangHRM.java:25)
at Action.TestOrangHRM.closeBrowser(TestOrangHRM.java:25)
at Action.TestOrangHRM.closeBrowser(TestOrangHRM.java:25)
at Action.TestOrangHRM.closeBrowser(TestOrangHRM.java:25)
at Action.TestOrangHRM.closeBrowser(TestOrangHRM.java:25)
at Action.TestOrangHRM.closeBrowser(TestOrangHRM.java:25)
at Action.TestOrangHRM.closeBrowser(TestOrangHRM.java:25)
at Action.TestOrangHRM.closeBrowser(TestOrangHRM.java:25)
at Action.TestOrangHRM.closeBrowser(TestOrangHRM.java:25)
at Action.TestOrangHRM.closeBrowser(TestOrangHRM.java:25)
at Action.TestOrangHRM.closeBrowser(TestOrangHRM.java:25)
at Action.TestOrangHRM.closeBrowser(TestOrangHRM.java:25)
at Action.TestOrangHRM.closeBrowser(TestOrangHRM.java:25)
at Action.TestOrangHRM.closeBrowser(TestOrangHRM.java:25)
at Action.TestOrangHRM.closeBrowser(TestOrangHRM.java:25)
at Action.TestOrangHRM.closeBrowser(TestOrangHRM.java:25)
at Action.TestOrangHRM.closeBrowser(TestOrangHRM.java:25)
at Action.TestOrangHRM.closeBrowser(TestOrangHRM.java:25)
at Action.TestOrangHRM.closeBrowser(TestOrangHRM.java:25)
at Action.TestOrangHRM.closeBrowser(TestOrangHRM.java:25)
at Action.TestOrangHRM.closeBrowser(TestOrangHRM.java:25)
at Action.TestOrangHRM.closeBrowser(TestOrangHRM.java:25)
at Action.TestOrangHRM.closeBrowser(TestOrangHRM.java:25)
at Action.TestOrangHRM.closeBrowser(TestOrangHRM.java:25)
at Action.TestOrangHRM.closeBrowser(TestOrangHRM.java:25)
at Action.TestOrangHRM.closeBrowser(TestOrangHRM.java:25)
at Action.TestOrangHRM.closeBrowser(TestOrangHRM.java:25)
at Action.TestOrangHRM.closeBrowser(TestOrangHRM.java:25)
at Action.TestOrangHRM.closeBrowser(TestOrangHRM.java:25)
at Action.TestOrangHRM.closeBrowser(TestOrangHRM.java:25)
at Action.TestOrangHRM.closeBrowser(TestOrangHRM.java:25)
at Action.TestOrangHRM.closeBrowser(TestOrangHRM.java:25)
at Action.TestOrangHRM.closeBrowser(TestOrangHRM.java:25)
at Action.TestOrangHRM.closeBrowser(TestOrangHRM.java:25)
at Action.TestOrangHRM.closeBrowser(TestOrangHRM.java:25)
at Action.TestOrangHRM.closeBrowser(TestOrangHRM.java:25)
at Action.TestOrangHRM.closeBrowser(TestOrangHRM.java:25)
at Action.TestOrangHRM.closeBrowser(TestOrangHRM.java:25)
at Action.TestOrangHRM.closeBrowser(TestOrangHRM.java:25)
at Action.TestOrangHRM.closeBrowser(TestOrangHRM.java:25)
at Action.TestOrangHRM.closeBrowser(TestOrangHRM.java:25)
at Action.TestOrangHRM.closeBrowser(TestOrangHRM.java:25)
at Action.TestOrangHRM.closeBrowser(TestOrangHRM.java:25)
at Action.TestOrangHRM.closeBrowser(TestOrangHRM.java:25)
at Action.TestOrangHRM.closeBrowser(TestOrangHRM.java:25)
at Action.TestOrangHRM.closeBrowser(TestOrangHRM.java:25)
at Action.TestOrangHRM.closeBrowser(TestOrangHRM.java:25)
at Action.TestOrangHRM.closeBrowser(TestOrangHRM.java:25)
at Action.TestOrangHRM.closeBrowser(TestOrangHRM.java:25)
at Action.TestOrangHRM.closeBrowser(TestOrangHRM.java:25)
at Action.TestOrangHRM.closeBrowser(TestOrangHRM.java:25)
at Action.TestOrangHRM.closeBrowser(TestOrangHRM.java:25)
at Action.TestOrangHRM.closeBrowser(TestOrangHRM.java:25)
at Action.TestOrangHRM.closeBrowser(TestOrangHRM.java:25)
at Action.TestOrangHRM.closeBrowser(TestOrangHRM.java:25)
at Action.TestOrangHRM.closeBrowser(TestOrangHRM.java:25)
at Action.TestOrangHRM.closeBrowser(TestOrangHRM.java:25)
at Action.TestOrangHRM.closeBrowser(TestOrangHRM.java:25)
at Action.TestOrangHRM.closeBrowser(TestOrangHRM.java:25)
at Action.TestOrangHRM.closeBrowser(TestOrangHRM.java:25)
at Action.TestOrangHRM.closeBrowser(TestOrangHRM.java:25)
at Action.TestOrangHRM.closeBrowser(TestOrangHRM.java:25)
at Action.TestOrangHRM.closeBrowser(TestOrangHRM.java:25)
at Action.TestOrangHRM.closeBrowser(TestOrangHRM.java:25)
at Action.TestOrangHRM.closeBrowser(TestOrangHRM.java:25)
at Action.TestOrangHRM.closeBrowser(TestOrangHRM.java:25)
at Action.TestOrangHRM.closeBrowser(TestOrangHRM.java:25)
at Action.TestOrangHRM.closeBrowser(TestOrangHRM.java:25)
at Action.TestOrangHRM.closeBrowser(TestOrangHRM.java:25)
at Action.TestOrangHRM.closeBrowser(TestOrangHRM.java:25)
at Action.TestOrangHRM.closeBrowser(TestOrangHRM.java:25)
at Action.TestOrangHRM.closeBrowser(TestOrangHRM.java:25)
at Action.TestOrangHRM.closeBrowser(TestOrangHRM.java:25)
at Action.TestOrangHRM.closeBrowser(TestOrangHRM.java:25)
at Action.TestOrangHRM.closeBrowser(TestOrangHRM.java:25)
at Action.TestOrangHRM.closeBrowser(TestOrangHRM.java:25)
at Action.TestOrangHRM.closeBrowser(TestOrangHRM.java:25)
at Action.TestOrangHRM.closeBrowser(TestOrangHRM.java:25)
at Action.TestOrangHRM.closeBrowser(TestOrangHRM.java:25)
at Action.TestOrangHRM.closeBrowser(TestOrangHRM.java:25)
at Action.TestOrangHRM.closeBrowser(TestOrangHRM.java:25)
at Action.TestOrangHRM.closeBrowser(TestOrangHRM.java:25)
at Action.TestOrangHRM.closeBrowser(TestOrangHRM.java:25)
at Action.TestOrangHRM.closeBrowser(TestOrangHRM.java:25)
at Action.TestOrangHRM.closeBrowser(TestOrangHRM.java:25)
at Action.TestOrangHRM.closeBrowser(TestOrangHRM.java:25)
at Action.TestOrangHRM.closeBrowser(TestOrangHRM.java:25)
at Action.TestOrangHRM.closeBrowser(TestOrangHRM.java:25)
at Action.TestOrangHRM.closeBrowser(TestOrangHRM.java:25)
at Action.TestOrangHRM.closeBrowser(TestOrangHRM.java:25)
at Action.TestOrangHRM.closeBrowser(TestOrangHRM.java:25)
at Action.TestOrangHRM.closeBrowser(TestOrangHRM.java:25)
at Action.TestOrangHRM.closeBrowser(TestOrangHRM.java:25)
at Action.TestOrangHRM.closeBrowser(TestOrangHRM.java:25)
at Action.TestOrangHRM.closeBrowser(TestOrangHRM.java:25)
at Action.TestOrangHRM.closeBrowser(TestOrangHRM.java:25)
at Action.TestOrangHRM.closeBrowser(TestOrangHRM.java:25)
at Action.TestOrangHRM.closeBrowser(TestOrangHRM.java:25)
at Action.TestOrangHRM.closeBrowser(TestOrangHRM.java:25)
at Action.TestOrangHRM.closeBrowser(TestOrangHRM.java:25)
at Action.TestOrangHRM.closeBrowser(TestOrangHRM.java:25)
at Action.TestOrangHRM.closeBrowser(TestOrangHRM.java:25)
at Action.TestOrangHRM.closeBrowser(TestOrangHRM.java:25)
at Action.TestOrangHRM.closeBrowser(TestOrangHRM.java:25)
at Action.TestOrangHRM.closeBrowser(TestOrangHRM.java:25)
at Action.TestOrangHRM.closeBrowser(TestOrangHRM.java:25)
at Action.TestOrangHRM.closeBrowser(TestOrangHRM.java:25)
at Action.TestOrangHRM.closeBrowser(TestOrangHRM.java:25)
at Action.TestOrangHRM.closeBrowser(TestOrangHRM.java:25)
at Action.TestOrangHRM.closeBrowser(TestOrangHRM.java:25)
at Action.TestOrangHRM.closeBrowser(TestOrangHRM.java:25)
at Action.TestOrangHRM.closeBrowser(TestOrangHRM.java:25)
at Action.TestOrangHRM.closeBrowser(TestOrangHRM.java:25)
at Action.TestOrangHRM.closeBrowser(TestOrangHRM.java:25)
at Action.TestOrangHRM.closeBrowser(TestOrangHRM.java:25)
at Action.TestOrangHRM.closeBrowser(TestOrangHRM.java:25)
at Action.TestOrangHRM.closeBrowser(TestOrangHRM.java:25)
at Action.TestOrangHRM.closeBrowser(TestOrangHRM.java:25)
at Action.TestOrangHRM.closeBrowser(TestOrangHRM.java:25)
at Action.TestOrangHRM.closeBrowser(TestOrangHRM.java:25)
at Action.TestOrangHRM.closeBrowser(TestOrangHRM.java:25)
at Action.TestOrangHRM.closeBrowser(TestOrangHRM.java:25)
at Action.TestOrangHRM.closeBrowser(TestOrangHRM.java:25)
at Action.TestOrangHRM.closeBrowser(TestOrangHRM.java:25)
at Action.TestOrangHRM.closeBrowser(TestOrangHRM.java:25)
at Action.TestOrangHRM.closeBrowser(TestOrangHRM.java:25)
at Action.TestOrangHRM.closeBrowser(TestOrangHRM.java:25)
at Action.TestOrangHRM.closeBrowser(TestOrangHRM.java:25)
at Action.TestOrangHRM.closeBrowser(TestOrangHRM.java:25)
at Action.TestOrangHRM.closeBrowser(TestOrangHRM.java:25)
at Action.TestOrangHRM.closeBrowser(TestOrangHRM.java:25)
at Action.TestOrangHRM.closeBrowser(TestOrangHRM.java:25)
at Action.TestOrangHRM.closeBrowser(TestOrangHRM.java:25)
at Action.TestOrangHRM.closeBrowser(TestOrangHRM.java:25)
at Action.TestOrangHRM.closeBrowser(TestOrangHRM.java:25)
at Action.TestOrangHRM.closeBrowser(TestOrangHRM.java:25)
at Action.TestOrangHRM.closeBrowser(TestOrangHRM.java:25)
at Action.TestOrangHRM.closeBrowser(TestOrangHRM.java:25)
at Action.TestOrangHRM.closeBrowser(TestOrangHRM.java:25)
at Action.TestOrangHRM.closeBrowser(TestOrangHRM.java:25)
at Action.TestOrangHRM.closeBrowser(TestOrangHRM.java:25)
at Action.TestOrangHRM.closeBrowser(TestOrangHRM.java:25)
at Action.TestOrangHRM.closeBrowser(TestOrangHRM.java:25)
at Action.TestOrangHRM.closeBrowser(TestOrangHRM.java:25)
at Action.TestOrangHRM.closeBrowser(TestOrangHRM.java:25)
at Action.TestOrangHRM.closeBrowser(TestOrangHRM.java:25)
at Action.TestOrangHRM.closeBrowser(TestOrangHRM.java:25)
at Action.TestOrangHRM.closeBrowser(TestOrangHRM.java:25)
at Action.TestOrangHRM.closeBrowser(TestOrangHRM.java:25)
at Action.TestOrangHRM.closeBrowser(TestOrangHRM.java:25)
at Action.TestOrangHRM.closeBrowser(TestOrangHRM.java:25)
at Action.TestOrangHRM.closeBrowser(TestOrangHRM.java:25)
at Action.TestOrangHRM.closeBrowser(TestOrangHRM.java:25)
at Action.TestOrangHRM.closeBrowser(TestOrangHRM.java:25)
at Action.TestOrangHRM.closeBrowser(TestOrangHRM.java:25)
at Action.TestOrangHRM.closeBrowser(TestOrangHRM.java:25)
at Action.TestOrangHRM.closeBrowser(TestOrangHRM.java:25)
at Action.TestOrangHRM.closeBrowser(TestOrangHRM.java:25)
at Action.TestOrangHRM.closeBrowser(TestOrangHRM.java:25)
at Action.TestOrangHRM.closeBrowser(TestOrangHRM.java:25)
at Action.TestOrangHRM.closeBrowser(TestOrangHRM.java:25)
at Action.TestOrangHRM.closeBrowser(TestOrangHRM.java:25)
at Action.TestOrangHRM.closeBrowser(TestOrangHRM.java:25)
at Action.TestOrangHRM.closeBrowser(TestOrangHRM.java:25)
at Action.TestOrangHRM.closeBrowser(TestOrangHRM.java:25)
at Action.TestOrangHRM.closeBrowser(TestOrangHRM.java:25)
at Action.TestOrangHRM.closeBrowser(TestOrangHRM.java:25)
at Action.TestOrangHRM.closeBrowser(TestOrangHRM.java:25)
at Action.TestOrangHRM.closeBrowser(TestOrangHRM.java:25)
at Action.TestOrangHRM.closeBrowser(TestOrangHRM.java:25)
at Action.TestOrangHRM.closeBrowser(TestOrangHRM.java:25)
at Action.TestOrangHRM.closeBrowser(TestOrangHRM.java:25)
at Action.TestOrangHRM.closeBrowser(TestOrangHRM.java:25)
at Action.TestOrangHRM.closeBrowser(TestOrangHRM.java:25)
at Action.TestOrangHRM.closeBrowser(TestOrangHRM.java:25)
at Action.TestOrangHRM.closeBrowser(TestOrangHRM.java:25)
at Action.TestOrangHRM.closeBrowser(TestOrangHRM.java:25)
at Action.TestOrangHRM.closeBrowser(TestOrangHRM.java:25)
at Action.TestOrangHRM.closeBrowser(TestOrangHRM.java:25)
at Action.TestOrangHRM.closeBrowser(TestOrangHRM.java:25)
at Action.TestOrangHRM.closeBrowser(TestOrangHRM.java:25)
at Action.TestOrangHRM.closeBrowser(TestOrangHRM.java:25)
at Action.TestOrangHRM.closeBrowser(TestOrangHRM.java:25)
at Action.TestOrangHRM.closeBrowser(TestOrangHRM.java:25)
at Action.TestOrangHRM.closeBrowser(TestOrangHRM.java:25)
at Action.TestOrangHRM.closeBrowser(TestOrangHRM.java:25)
at Action.TestOrangHRM.closeBrowser(TestOrangHRM.java:25)
at Action.TestOrangHRM.closeBrowser(TestOrangHRM.java:25)
at Action.TestOrangHRM.closeBrowser(TestOrangHRM.java:25)
at Action.TestOrangHRM.closeBrowser(TestOrangHRM.java:25)
at Action.TestOrangHRM.closeBrowser(TestOrangHRM.java:25)
at Action.TestOrangHRM.closeBrowser(TestOrangHRM.java:25)
at Action.TestOrangHRM.closeBrowser(TestOrangHRM.java:25)
at Action.TestOrangHRM.closeBrowser(TestOrangHRM.java:25)
at Action.TestOrangHRM.closeBrowser(TestOrangHRM.java:25)
at Action.TestOrangHRM.closeBrowser(TestOrangHRM.java:25)
at Action.TestOrangHRM.closeBrowser(TestOrangHRM.java:25)
at Action.TestOrangHRM.closeBrowser(TestOrangHRM.java:25)
at Action.TestOrangHRM.closeBrowser(TestOrangHRM.java:25)
at Action.TestOrangHRM.closeBrowser(TestOrangHRM.java:25)
at Action.TestOrangHRM.closeBrowser(TestOrangHRM.java:25)
at Action.TestOrangHRM.closeBrowser(TestOrangHRM.java:25)
at Action.TestOrangHRM.closeBrowser(TestOrangHRM.java:25)
at Action.TestOrangHRM.closeBrowser(TestOrangHRM.java:25)
at Action.TestOrangHRM.closeBrowser(TestOrangHRM.java:25)
at Action.TestOrangHRM.closeBrowser(TestOrangHRM.java:25)
at Action.TestOrangHRM.closeBrowser(TestOrangHRM.java:25)
at Action.TestOrangHRM.closeBrowser(TestOrangHRM.java:25)
at Action.TestOrangHRM.closeBrowser(TestOrangHRM.java:25)
at Action.TestOrangHRM.closeBrowser(TestOrangHRM.java:25)
at Action.TestOrangHRM.closeBrowser(TestOrangHRM.java:25)
at Action.TestOrangHRM.closeBrowser(TestOrangHRM.java:25)
at Action.TestOrangHRM.closeBrowser(TestOrangHRM.java:25)
at Action.TestOrangHRM.closeBrowser(TestOrangHRM.java:25)
at Action.TestOrangHRM.closeBrowser(TestOrangHRM.java:25)
at Action.TestOrangHRM.closeBrowser(TestOrangHRM.java:25)
at Action.TestOrangHRM.closeBrowser(TestOrangHRM.java:25)
at Action.TestOrangHRM.closeBrowser(TestOrangHRM.java:25)
at Action.TestOrangHRM.closeBrowser(TestOrangHRM.java:25)
at Action.TestOrangHRM.closeBrowser(TestOrangHRM.java:25)
at Action.TestOrangHRM.closeBrowser(TestOrangHRM.java:25)
at Action.TestOrangHRM.closeBrowser(TestOrangHRM.java:25)
at Action.TestOrangHRM.closeBrowser(TestOrangHRM.java:25)
at Action.TestOrangHRM.closeBrowser(TestOrangHRM.java:25)
at Action.TestOrangHRM.closeBrowser(TestOrangHRM.java:25)
at Action.TestOrangHRM.closeBrowser(TestOrangHRM.java:25)
at Action.TestOrangHRM.closeBrowser(TestOrangHRM.java:25)
at Action.TestOrangHRM.closeBrowser(TestOrangHRM.java:25)
at Action.TestOrangHRM.closeBrowser(TestOrangHRM.java:25)
at Action.TestOrangHRM.closeBrowser(TestOrangHRM.java:25)
at Action.TestOrangHRM.closeBrowser(TestOrangHRM.java:25)
at Action.TestOrangHRM.closeBrowser(TestOrangHRM.java:25)
at Action.TestOrangHRM.closeBrowser(TestOrangHRM.java:25)
at Action.TestOrangHRM.closeBrowser(TestOrangHRM.java:25)
at Action.TestOrangHRM.closeBrowser(TestOrangHRM.java:25)
at Action.TestOrangHRM.closeBrowser(TestOrangHRM.java:25)
at Action.TestOrangHRM.closeBrowser(TestOrangHRM.java:25)
at Action.TestOrangHRM.closeBrowser(TestOrangHRM.java:25)
at Action.TestOrangHRM.closeBrowser(TestOrangHRM.java:25)
at Action.TestOrangHRM.closeBrowser(TestOrangHRM.java:25)
at Action.TestOrangHRM.closeBrowser(TestOrangHRM.java:25)
at Action.TestOrangHRM.closeBrowser(TestOrangHRM.java:25)
at Action.TestOrangHRM.closeBrowser(TestOrangHRM.java:25)
at Action.TestOrangHRM.closeBrowser(TestOrangHRM.java:25)
at Action.TestOrangHRM.closeBrowser(TestOrangHRM.java:25)
at Action.TestOrangHRM.closeBrowser(TestOrangHRM.java:25)
at Action.TestOrangHRM.closeBrowser(TestOrangHRM.java:25)
at Action.TestOrangHRM.closeBrowser(TestOrangHRM.java:25)
at Action.TestOrangHRM.closeBrowser(TestOrangHRM.java:25)
at Action.TestOrangHRM.closeBrowser(TestOrangHRM.java:25)
at Action.TestOrangHRM.closeBrowser(TestOrangHRM.java:25)
at Action.TestOrangHRM.closeBrowser(TestOrangHRM.java:25)
at Action.TestOrangHRM.closeBrowser(TestOrangHRM.java:25)
at Action.TestOrangHRM.closeBrowser(TestOrangHRM.java:25)
at Action.TestOrangHRM.closeBrowser(TestOrangHRM.java:25)
at Action.TestOrangHRM.closeBrowser(TestOrangHRM.java:25)
at Action.TestOrangHRM.closeBrowser(TestOrangHRM.java:25)
at Action.TestOrangHRM.closeBrowser(TestOrangHRM.java:25)
at Action.TestOrangHRM.closeBrowser(TestOrangHRM.java:25)
at Action.TestOrangHRM.closeBrowser(TestOrangHRM.java:25)
at Action.TestOrangHRM.closeBrowser(TestOrangHRM.java:25)
at Action.TestOrangHRM.closeBrowser(TestOrangHRM.java:25)
at Action.TestOrangHRM.closeBrowser(TestOrangHRM.java:25)
at Action.TestOrangHRM.closeBrowser(TestOrangHRM.java:25)
at Action.TestOrangHRM.closeBrowser(TestOrangHRM.java:25)
at Action.TestOrangHRM.closeBrowser(TestOrangHRM.java:25)
at Action.TestOrangHRM.closeBrowser(TestOrangHRM.java:25)
at Action.TestOrangHRM.closeBrowser(TestOrangHRM.java:25)
at Action.TestOrangHRM.closeBrowser(TestOrangHRM.java:25)
at Action.TestOrangHRM.closeBrowser(TestOrangHRM.java:25)
at Action.TestOrangHRM.closeBrowser(TestOrangHRM.java:25)
at Action.TestOrangHRM.closeBrowser(TestOrangHRM.java:25)
at Action.TestOrangHRM.closeBrowser(TestOrangHRM.java:25)
at Action.TestOrangHRM.closeBrowser(TestOrangHRM.java:25)
at Action.TestOrangHRM.closeBrowser(TestOrangHRM.java:25)
at Action.TestOrangHRM.closeBrowser(TestOrangHRM.java:25)
at Action.TestOrangHRM.closeBrowser(TestOrangHRM.java:25)
at Action.TestOrangHRM.closeBrowser(TestOrangHRM.java:25)
at Action.TestOrangHRM.closeBrowser(TestOrangHRM.java:25)
at Action.TestOrangHRM.closeBrowser(TestOrangHRM.java:25)
at Action.TestOrangHRM.closeBrowser(TestOrangHRM.java:25)
at Action.TestOrangHRM.closeBrowser(TestOrangHRM.java:25)
at Action.TestOrangHRM.closeBrowser(TestOrangHRM.java:25)
at Action.TestOrangHRM.closeBrowser(TestOrangHRM.java:25)
at Action.TestOrangHRM.closeBrowser(TestOrangHRM.java:25)
at Action.TestOrangHRM.closeBrowser(TestOrangHRM.java:25)
at Action.TestOrangHRM.closeBrowser(TestOrangHRM.java:25)
at Action.TestOrangHRM.closeBrowser(TestOrangHRM.java:25)
at Action.TestOrangHRM.closeBrowser(TestOrangHRM.java:25)
at Action.TestOrangHRM.closeBrowser(TestOrangHRM.java:25)
at Action.TestOrangHRM.closeBrowser(TestOrangHRM.java:25)
at Action.TestOrangHRM.closeBrowser(TestOrangHRM.java:25)
at Action.TestOrangHRM.closeBrowser(TestOrangHRM.java:25)
]]>
            </full-stacktrace>
          </exception> <!-- java.lang.StackOverflowError -->
          <reporter-output>
          </reporter-output>
        </test-method> <!-- closeBrowser -->
      </class> <!-- Action.TestOrangHRM -->
    </test> <!-- Default test -->
  </suite> <!-- Default suite -->
</testng-results>
